{"/home/arsenal/code/error-mock-test/.worktrees/error-mock-plugin/packages/core/src/index.ts": {"path":"/home/arsenal/code/error-mock-test/.worktrees/error-mock-plugin/packages/core/src/index.ts","all":true,"statementMap":{"0":{"start":{"line":1,"column":0},"end":{"line":1,"column":24}},"1":{"start":{"line":2,"column":0},"end":{"line":2,"column":33}},"2":{"start":{"line":3,"column":0},"end":{"line":3,"column":34}},"3":{"start":{"line":4,"column":0},"end":{"line":4,"column":36}}},"s":{"0":0,"1":0,"2":0,"3":0},"branchMap":{"0":{"type":"branch","line":1,"loc":{"start":{"line":1,"column":130},"end":{"line":4,"column":36}},"locations":[{"start":{"line":1,"column":130},"end":{"line":4,"column":36}}]}},"b":{"0":[0]},"fnMap":{"0":{"name":"(empty-report)","decl":{"start":{"line":1,"column":130},"end":{"line":4,"column":36}},"loc":{"start":{"line":1,"column":130},"end":{"line":4,"column":36}},"line":1}},"f":{"0":0}}
,"/home/arsenal/code/error-mock-test/.worktrees/error-mock-plugin/packages/core/src/engine/field-omit.ts": {"path":"/home/arsenal/code/error-mock-test/.worktrees/error-mock-plugin/packages/core/src/engine/field-omit.ts","all":false,"statementMap":{"0":{"start":{"line":1,"column":0},"end":{"line":1,"column":41}},"1":{"start":{"line":2,"column":0},"end":{"line":2,"column":48}},"2":{"start":{"line":3,"column":0},"end":{"line":3,"column":0}},"3":{"start":{"line":4,"column":0},"end":{"line":4,"column":3}},"4":{"start":{"line":5,"column":0},"end":{"line":5,"column":47}},"5":{"start":{"line":6,"column":0},"end":{"line":6,"column":60}},"6":{"start":{"line":7,"column":0},"end":{"line":7,"column":3}},"7":{"start":{"line":8,"column":0},"end":{"line":8,"column":49}},"8":{"start":{"line":9,"column":0},"end":{"line":9,"column":21}},"9":{"start":{"line":10,"column":0},"end":{"line":10,"column":14}},"10":{"start":{"line":11,"column":0},"end":{"line":11,"column":33}},"11":{"start":{"line":12,"column":0},"end":{"line":12,"column":52}},"12":{"start":{"line":13,"column":0},"end":{"line":13,"column":47}},"13":{"start":{"line":14,"column":0},"end":{"line":14,"column":47}},"14":{"start":{"line":15,"column":0},"end":{"line":15,"column":4}},"15":{"start":{"line":16,"column":0},"end":{"line":16,"column":1}},"16":{"start":{"line":17,"column":0},"end":{"line":17,"column":0}},"17":{"start":{"line":18,"column":0},"end":{"line":18,"column":3}},"18":{"start":{"line":19,"column":0},"end":{"line":19,"column":66}},"19":{"start":{"line":20,"column":0},"end":{"line":20,"column":3}},"20":{"start":{"line":21,"column":0},"end":{"line":21,"column":34}},"21":{"start":{"line":22,"column":0},"end":{"line":22,"column":46}},"22":{"start":{"line":23,"column":0},"end":{"line":23,"column":32}},"23":{"start":{"line":24,"column":0},"end":{"line":24,"column":3}},"24":{"start":{"line":25,"column":0},"end":{"line":25,"column":54}},"25":{"start":{"line":26,"column":0},"end":{"line":26,"column":41}},"26":{"start":{"line":27,"column":0},"end":{"line":27,"column":1}},"27":{"start":{"line":28,"column":0},"end":{"line":28,"column":0}},"28":{"start":{"line":29,"column":0},"end":{"line":29,"column":3}},"29":{"start":{"line":30,"column":0},"end":{"line":30,"column":61}},"30":{"start":{"line":31,"column":0},"end":{"line":31,"column":3}},"31":{"start":{"line":32,"column":0},"end":{"line":32,"column":25}},"32":{"start":{"line":33,"column":0},"end":{"line":33,"column":15}},"33":{"start":{"line":34,"column":0},"end":{"line":34,"column":17}},"34":{"start":{"line":35,"column":0},"end":{"line":35,"column":21}},"35":{"start":{"line":36,"column":0},"end":{"line":36,"column":22}},"36":{"start":{"line":37,"column":0},"end":{"line":37,"column":13}},"37":{"start":{"line":38,"column":0},"end":{"line":38,"column":29}},"38":{"start":{"line":39,"column":0},"end":{"line":39,"column":0}},"39":{"start":{"line":40,"column":0},"end":{"line":40,"column":47}},"40":{"start":{"line":41,"column":0},"end":{"line":41,"column":81}},"41":{"start":{"line":42,"column":0},"end":{"line":42,"column":0}},"42":{"start":{"line":43,"column":0},"end":{"line":43,"column":36}},"43":{"start":{"line":44,"column":0},"end":{"line":44,"column":48}},"44":{"start":{"line":45,"column":0},"end":{"line":45,"column":53}},"45":{"start":{"line":46,"column":0},"end":{"line":46,"column":0}},"46":{"start":{"line":47,"column":0},"end":{"line":47,"column":39}},"47":{"start":{"line":48,"column":0},"end":{"line":48,"column":51}},"48":{"start":{"line":49,"column":0},"end":{"line":49,"column":21}},"49":{"start":{"line":50,"column":0},"end":{"line":50,"column":0}},"50":{"start":{"line":51,"column":0},"end":{"line":51,"column":45}},"51":{"start":{"line":52,"column":0},"end":{"line":52,"column":80}},"52":{"start":{"line":53,"column":0},"end":{"line":53,"column":5}},"53":{"start":{"line":54,"column":0},"end":{"line":54,"column":3}},"54":{"start":{"line":55,"column":0},"end":{"line":55,"column":0}},"55":{"start":{"line":56,"column":0},"end":{"line":56,"column":15}},"56":{"start":{"line":57,"column":0},"end":{"line":57,"column":1}},"57":{"start":{"line":58,"column":0},"end":{"line":58,"column":0}},"58":{"start":{"line":59,"column":0},"end":{"line":59,"column":3}},"59":{"start":{"line":60,"column":0},"end":{"line":60,"column":36}},"60":{"start":{"line":61,"column":0},"end":{"line":61,"column":3}},"61":{"start":{"line":62,"column":0},"end":{"line":62,"column":19}},"62":{"start":{"line":63,"column":0},"end":{"line":63,"column":15}},"63":{"start":{"line":64,"column":0},"end":{"line":64,"column":15}},"64":{"start":{"line":65,"column":0},"end":{"line":65,"column":39}},"65":{"start":{"line":66,"column":0},"end":{"line":66,"column":9}},"66":{"start":{"line":67,"column":0},"end":{"line":67,"column":32}},"67":{"start":{"line":68,"column":0},"end":{"line":68,"column":47}},"68":{"start":{"line":69,"column":0},"end":{"line":69,"column":0}},"69":{"start":{"line":70,"column":0},"end":{"line":70,"column":23}},"70":{"start":{"line":71,"column":0},"end":{"line":71,"column":46}},"71":{"start":{"line":72,"column":0},"end":{"line":72,"column":26}},"72":{"start":{"line":73,"column":0},"end":{"line":73,"column":64}},"73":{"start":{"line":74,"column":0},"end":{"line":74,"column":50}},"74":{"start":{"line":75,"column":0},"end":{"line":75,"column":5}},"75":{"start":{"line":76,"column":0},"end":{"line":76,"column":55}},"76":{"start":{"line":77,"column":0},"end":{"line":77,"column":3}},"77":{"start":{"line":78,"column":0},"end":{"line":78,"column":0}},"78":{"start":{"line":79,"column":0},"end":{"line":79,"column":43}},"79":{"start":{"line":80,"column":0},"end":{"line":80,"column":70}},"80":{"start":{"line":81,"column":0},"end":{"line":81,"column":19}},"81":{"start":{"line":82,"column":0},"end":{"line":82,"column":20}},"82":{"start":{"line":83,"column":0},"end":{"line":83,"column":33}},"83":{"start":{"line":84,"column":0},"end":{"line":84,"column":14}},"84":{"start":{"line":85,"column":0},"end":{"line":85,"column":23}},"85":{"start":{"line":86,"column":0},"end":{"line":86,"column":38}},"86":{"start":{"line":87,"column":0},"end":{"line":87,"column":14}},"87":{"start":{"line":88,"column":0},"end":{"line":88,"column":18}},"88":{"start":{"line":89,"column":0},"end":{"line":89,"column":33}},"89":{"start":{"line":90,"column":0},"end":{"line":90,"column":14}},"90":{"start":{"line":91,"column":0},"end":{"line":91,"column":5}},"91":{"start":{"line":92,"column":0},"end":{"line":92,"column":3}},"92":{"start":{"line":93,"column":0},"end":{"line":93,"column":1}},"93":{"start":{"line":94,"column":0},"end":{"line":94,"column":0}},"94":{"start":{"line":95,"column":0},"end":{"line":95,"column":3}},"95":{"start":{"line":96,"column":0},"end":{"line":96,"column":29}},"96":{"start":{"line":97,"column":0},"end":{"line":97,"column":3}},"97":{"start":{"line":98,"column":0},"end":{"line":98,"column":54}},"98":{"start":{"line":99,"column":0},"end":{"line":99,"column":35}},"99":{"start":{"line":100,"column":0},"end":{"line":100,"column":41}},"100":{"start":{"line":101,"column":0},"end":{"line":101,"column":3}},"101":{"start":{"line":102,"column":0},"end":{"line":102,"column":14}},"102":{"start":{"line":103,"column":0},"end":{"line":103,"column":1}},"103":{"start":{"line":104,"column":0},"end":{"line":104,"column":0}},"104":{"start":{"line":105,"column":0},"end":{"line":105,"column":3}},"105":{"start":{"line":106,"column":0},"end":{"line":106,"column":29}},"106":{"start":{"line":107,"column":0},"end":{"line":107,"column":3}},"107":{"start":{"line":108,"column":0},"end":{"line":108,"column":71}},"108":{"start":{"line":109,"column":0},"end":{"line":109,"column":39}},"109":{"start":{"line":110,"column":0},"end":{"line":110,"column":29}},"110":{"start":{"line":111,"column":0},"end":{"line":111,"column":18}},"111":{"start":{"line":112,"column":0},"end":{"line":112,"column":0}},"112":{"start":{"line":113,"column":0},"end":{"line":113,"column":67}},"113":{"start":{"line":114,"column":0},"end":{"line":114,"column":0}},"114":{"start":{"line":115,"column":0},"end":{"line":115,"column":51}},"115":{"start":{"line":116,"column":0},"end":{"line":116,"column":49}},"116":{"start":{"line":117,"column":0},"end":{"line":117,"column":49}},"117":{"start":{"line":118,"column":0},"end":{"line":118,"column":58}},"118":{"start":{"line":119,"column":0},"end":{"line":119,"column":6}},"119":{"start":{"line":120,"column":0},"end":{"line":120,"column":5}},"120":{"start":{"line":121,"column":0},"end":{"line":121,"column":0}},"121":{"start":{"line":122,"column":0},"end":{"line":122,"column":39}},"122":{"start":{"line":123,"column":0},"end":{"line":123,"column":62}},"123":{"start":{"line":124,"column":0},"end":{"line":124,"column":0}},"124":{"start":{"line":125,"column":0},"end":{"line":125,"column":47}},"125":{"start":{"line":126,"column":0},"end":{"line":126,"column":20}},"126":{"start":{"line":127,"column":0},"end":{"line":127,"column":30}},"127":{"start":{"line":128,"column":0},"end":{"line":128,"column":0}},"128":{"start":{"line":129,"column":0},"end":{"line":129,"column":32}},"129":{"start":{"line":130,"column":0},"end":{"line":130,"column":48}},"130":{"start":{"line":131,"column":0},"end":{"line":131,"column":43}},"131":{"start":{"line":132,"column":0},"end":{"line":132,"column":24}},"132":{"start":{"line":133,"column":0},"end":{"line":133,"column":18}},"133":{"start":{"line":134,"column":0},"end":{"line":134,"column":5}},"134":{"start":{"line":135,"column":0},"end":{"line":135,"column":3}},"135":{"start":{"line":136,"column":0},"end":{"line":136,"column":0}},"136":{"start":{"line":137,"column":0},"end":{"line":137,"column":20}},"137":{"start":{"line":138,"column":0},"end":{"line":138,"column":30}},"138":{"start":{"line":139,"column":0},"end":{"line":139,"column":43}},"139":{"start":{"line":140,"column":0},"end":{"line":140,"column":3}},"140":{"start":{"line":141,"column":0},"end":{"line":141,"column":0}},"141":{"start":{"line":142,"column":0},"end":{"line":142,"column":14}},"142":{"start":{"line":143,"column":0},"end":{"line":143,"column":1}},"143":{"start":{"line":144,"column":0},"end":{"line":144,"column":0}},"144":{"start":{"line":145,"column":0},"end":{"line":145,"column":3}},"145":{"start":{"line":146,"column":0},"end":{"line":146,"column":38}},"146":{"start":{"line":147,"column":0},"end":{"line":147,"column":3}},"147":{"start":{"line":148,"column":0},"end":{"line":148,"column":68}},"148":{"start":{"line":149,"column":0},"end":{"line":149,"column":24}},"149":{"start":{"line":150,"column":0},"end":{"line":150,"column":16}},"150":{"start":{"line":151,"column":0},"end":{"line":151,"column":3}},"151":{"start":{"line":152,"column":0},"end":{"line":152,"column":0}},"152":{"start":{"line":153,"column":0},"end":{"line":153,"column":49}},"153":{"start":{"line":154,"column":0},"end":{"line":154,"column":33}},"154":{"start":{"line":155,"column":0},"end":{"line":155,"column":0}},"155":{"start":{"line":156,"column":0},"end":{"line":156,"column":33}},"156":{"start":{"line":157,"column":0},"end":{"line":157,"column":45}},"157":{"start":{"line":158,"column":0},"end":{"line":158,"column":3}},"158":{"start":{"line":159,"column":0},"end":{"line":159,"column":0}},"159":{"start":{"line":160,"column":0},"end":{"line":160,"column":43}},"160":{"start":{"line":161,"column":0},"end":{"line":161,"column":1}}},"s":{"0":1,"1":1,"2":1,"3":1,"4":1,"5":1,"6":1,"7":10,"8":10,"9":63,"10":63,"11":63,"12":63,"13":63,"14":63,"15":10,"16":1,"17":1,"18":1,"19":1,"20":16,"21":16,"22":16,"23":16,"24":0,"25":0,"26":0,"27":1,"28":1,"29":1,"30":1,"31":19,"32":19,"33":19,"34":19,"35":19,"36":19,"37":19,"38":19,"39":19,"40":19,"41":18,"42":18,"43":1,"44":17,"45":19,"46":19,"47":43,"48":43,"49":43,"50":43,"51":8,"52":8,"53":43,"54":18,"55":18,"56":18,"57":1,"58":1,"59":1,"60":1,"61":23,"62":23,"63":23,"64":23,"65":23,"66":23,"67":23,"68":23,"69":23,"70":23,"71":7,"72":7,"73":3,"74":3,"75":4,"76":4,"77":20,"78":20,"79":23,"80":20,"81":20,"82":18,"83":18,"84":20,"85":1,"86":1,"87":20,"88":1,"89":1,"90":20,"91":20,"92":23,"93":1,"94":1,"95":1,"96":1,"97":5,"98":5,"99":6,"100":6,"101":5,"102":5,"103":1,"104":1,"105":1,"106":1,"107":11,"108":11,"109":10,"110":1,"111":11,"112":11,"113":11,"114":11,"115":11,"116":43,"117":18,"118":43,"119":11,"120":11,"121":11,"122":11,"123":11,"124":11,"125":11,"126":11,"127":11,"128":11,"129":29,"130":29,"131":17,"132":17,"133":17,"134":29,"135":11,"136":11,"137":11,"138":17,"139":17,"140":11,"141":11,"142":11,"143":1,"144":1,"145":1,"146":1,"147":1,"148":17,"149":1,"150":1,"151":16,"152":16,"153":16,"154":16,"155":17,"156":5,"157":5,"158":11,"159":11,"160":11},"branchMap":{"0":{"type":"branch","line":8,"loc":{"start":{"line":8,"column":0},"end":{"line":16,"column":1}},"locations":[{"start":{"line":8,"column":0},"end":{"line":16,"column":1}}]},"1":{"type":"branch","line":9,"loc":{"start":{"line":9,"column":9},"end":{"line":15,"column":4}},"locations":[{"start":{"line":9,"column":9},"end":{"line":15,"column":4}}]},"2":{"type":"branch","line":21,"loc":{"start":{"line":21,"column":0},"end":{"line":27,"column":1}},"locations":[{"start":{"line":21,"column":0},"end":{"line":27,"column":1}}]},"3":{"type":"branch","line":24,"loc":{"start":{"line":24,"column":2},"end":{"line":27,"column":1}},"locations":[{"start":{"line":24,"column":2},"end":{"line":27,"column":1}}]},"4":{"type":"branch","line":32,"loc":{"start":{"line":32,"column":0},"end":{"line":57,"column":1}},"locations":[{"start":{"line":32,"column":0},"end":{"line":57,"column":1}}]},"5":{"type":"branch","line":40,"loc":{"start":{"line":40,"column":34},"end":{"line":40,"column":47}},"locations":[{"start":{"line":40,"column":34},"end":{"line":40,"column":47}}]},"6":{"type":"branch","line":40,"loc":{"start":{"line":40,"column":41},"end":{"line":41,"column":43}},"locations":[{"start":{"line":40,"column":41},"end":{"line":41,"column":43}}]},"7":{"type":"branch","line":41,"loc":{"start":{"line":41,"column":30},"end":{"line":41,"column":68}},"locations":[{"start":{"line":41,"column":30},"end":{"line":41,"column":68}}]},"8":{"type":"branch","line":41,"loc":{"start":{"line":41,"column":68},"end":{"line":41,"column":81}},"locations":[{"start":{"line":41,"column":68},"end":{"line":41,"column":81}}]},"9":{"type":"branch","line":41,"loc":{"start":{"line":41,"column":75},"end":{"line":43,"column":36}},"locations":[{"start":{"line":41,"column":75},"end":{"line":43,"column":36}}]},"10":{"type":"branch","line":43,"loc":{"start":{"line":43,"column":35},"end":{"line":44,"column":48}},"locations":[{"start":{"line":43,"column":35},"end":{"line":44,"column":48}}]},"11":{"type":"branch","line":44,"loc":{"start":{"line":44,"column":47},"end":{"line":45,"column":53}},"locations":[{"start":{"line":44,"column":47},"end":{"line":45,"column":53}}]},"12":{"type":"branch","line":47,"loc":{"start":{"line":47,"column":38},"end":{"line":54,"column":3}},"locations":[{"start":{"line":47,"column":38},"end":{"line":54,"column":3}}]},"13":{"type":"branch","line":48,"loc":{"start":{"line":48,"column":17},"end":{"line":48,"column":47}},"locations":[{"start":{"line":48,"column":17},"end":{"line":48,"column":47}}]},"14":{"type":"branch","line":48,"loc":{"start":{"line":48,"column":42},"end":{"line":48,"column":51}},"locations":[{"start":{"line":48,"column":42},"end":{"line":48,"column":51}}]},"15":{"type":"branch","line":51,"loc":{"start":{"line":51,"column":8},"end":{"line":51,"column":44}},"locations":[{"start":{"line":51,"column":8},"end":{"line":51,"column":44}}]},"16":{"type":"branch","line":51,"loc":{"start":{"line":51,"column":44},"end":{"line":53,"column":5}},"locations":[{"start":{"line":51,"column":44},"end":{"line":53,"column":5}}]},"17":{"type":"branch","line":54,"loc":{"start":{"line":54,"column":2},"end":{"line":57,"column":1}},"locations":[{"start":{"line":54,"column":2},"end":{"line":57,"column":1}}]},"18":{"type":"branch","line":44,"loc":{"start":{"line":44,"column":14},"end":{"line":44,"column":47}},"locations":[{"start":{"line":44,"column":14},"end":{"line":44,"column":47}}]},"19":{"type":"branch","line":62,"loc":{"start":{"line":62,"column":0},"end":{"line":93,"column":1}},"locations":[{"start":{"line":62,"column":0},"end":{"line":93,"column":1}}]},"20":{"type":"branch","line":71,"loc":{"start":{"line":71,"column":45},"end":{"line":77,"column":3}},"locations":[{"start":{"line":71,"column":45},"end":{"line":77,"column":3}}]},"21":{"type":"branch","line":73,"loc":{"start":{"line":73,"column":26},"end":{"line":73,"column":63}},"locations":[{"start":{"line":73,"column":26},"end":{"line":73,"column":63}}]},"22":{"type":"branch","line":73,"loc":{"start":{"line":73,"column":63},"end":{"line":75,"column":5}},"locations":[{"start":{"line":73,"column":63},"end":{"line":75,"column":5}}]},"23":{"type":"branch","line":75,"loc":{"start":{"line":75,"column":4},"end":{"line":77,"column":3}},"locations":[{"start":{"line":75,"column":4},"end":{"line":77,"column":3}}]},"24":{"type":"branch","line":77,"loc":{"start":{"line":77,"column":2},"end":{"line":80,"column":48}},"locations":[{"start":{"line":77,"column":2},"end":{"line":80,"column":48}}]},"25":{"type":"branch","line":80,"loc":{"start":{"line":80,"column":36},"end":{"line":80,"column":69}},"locations":[{"start":{"line":80,"column":36},"end":{"line":80,"column":69}}]},"26":{"type":"branch","line":80,"loc":{"start":{"line":80,"column":69},"end":{"line":92,"column":3}},"locations":[{"start":{"line":80,"column":69},"end":{"line":92,"column":3}}]},"27":{"type":"branch","line":82,"loc":{"start":{"line":82,"column":6},"end":{"line":84,"column":14}},"locations":[{"start":{"line":82,"column":6},"end":{"line":84,"column":14}}]},"28":{"type":"branch","line":85,"loc":{"start":{"line":85,"column":6},"end":{"line":87,"column":14}},"locations":[{"start":{"line":85,"column":6},"end":{"line":87,"column":14}}]},"29":{"type":"branch","line":88,"loc":{"start":{"line":88,"column":6},"end":{"line":90,"column":14}},"locations":[{"start":{"line":88,"column":6},"end":{"line":90,"column":14}}]},"30":{"type":"branch","line":98,"loc":{"start":{"line":98,"column":0},"end":{"line":103,"column":1}},"locations":[{"start":{"line":98,"column":0},"end":{"line":103,"column":1}}]},"31":{"type":"branch","line":99,"loc":{"start":{"line":99,"column":34},"end":{"line":101,"column":3}},"locations":[{"start":{"line":99,"column":34},"end":{"line":101,"column":3}}]},"32":{"type":"branch","line":108,"loc":{"start":{"line":108,"column":0},"end":{"line":143,"column":1}},"locations":[{"start":{"line":108,"column":0},"end":{"line":143,"column":1}}]},"33":{"type":"branch","line":109,"loc":{"start":{"line":109,"column":30},"end":{"line":110,"column":29}},"locations":[{"start":{"line":109,"column":30},"end":{"line":110,"column":29}}]},"34":{"type":"branch","line":110,"loc":{"start":{"line":110,"column":28},"end":{"line":111,"column":18}},"locations":[{"start":{"line":110,"column":28},"end":{"line":111,"column":18}}]},"35":{"type":"branch","line":129,"loc":{"start":{"line":129,"column":31},"end":{"line":135,"column":3}},"locations":[{"start":{"line":129,"column":31},"end":{"line":135,"column":3}}]},"36":{"type":"branch","line":130,"loc":{"start":{"line":130,"column":42},"end":{"line":130,"column":48}},"locations":[{"start":{"line":130,"column":42},"end":{"line":130,"column":48}}]},"37":{"type":"branch","line":130,"loc":{"start":{"line":130,"column":42},"end":{"line":131,"column":42}},"locations":[{"start":{"line":130,"column":42},"end":{"line":131,"column":42}}]},"38":{"type":"branch","line":131,"loc":{"start":{"line":131,"column":42},"end":{"line":134,"column":5}},"locations":[{"start":{"line":131,"column":42},"end":{"line":134,"column":5}}]},"39":{"type":"branch","line":138,"loc":{"start":{"line":138,"column":29},"end":{"line":140,"column":3}},"locations":[{"start":{"line":138,"column":29},"end":{"line":140,"column":3}}]},"40":{"type":"branch","line":116,"loc":{"start":{"line":116,"column":40},"end":{"line":120,"column":3}},"locations":[{"start":{"line":116,"column":40},"end":{"line":120,"column":3}}]},"41":{"type":"branch","line":117,"loc":{"start":{"line":117,"column":38},"end":{"line":118,"column":58}},"locations":[{"start":{"line":117,"column":38},"end":{"line":118,"column":58}}]},"42":{"type":"branch","line":118,"loc":{"start":{"line":118,"column":15},"end":{"line":118,"column":58}},"locations":[{"start":{"line":118,"column":15},"end":{"line":118,"column":58}}]},"43":{"type":"branch","line":123,"loc":{"start":{"line":123,"column":43},"end":{"line":123,"column":60}},"locations":[{"start":{"line":123,"column":43},"end":{"line":123,"column":60}}]},"44":{"type":"branch","line":148,"loc":{"start":{"line":148,"column":7},"end":{"line":161,"column":1}},"locations":[{"start":{"line":148,"column":7},"end":{"line":161,"column":1}}]},"45":{"type":"branch","line":149,"loc":{"start":{"line":149,"column":23},"end":{"line":151,"column":3}},"locations":[{"start":{"line":149,"column":23},"end":{"line":151,"column":3}}]},"46":{"type":"branch","line":151,"loc":{"start":{"line":151,"column":2},"end":{"line":156,"column":32}},"locations":[{"start":{"line":151,"column":2},"end":{"line":156,"column":32}}]},"47":{"type":"branch","line":156,"loc":{"start":{"line":156,"column":32},"end":{"line":158,"column":3}},"locations":[{"start":{"line":156,"column":32},"end":{"line":158,"column":3}}]},"48":{"type":"branch","line":158,"loc":{"start":{"line":158,"column":2},"end":{"line":161,"column":1}},"locations":[{"start":{"line":158,"column":2},"end":{"line":161,"column":1}}]}},"b":{"0":[10],"1":[63],"2":[16],"3":[0],"4":[19],"5":[1],"6":[18],"7":[18],"8":[0],"9":[18],"10":[1],"11":[17],"12":[43],"13":[11],"14":[32],"15":[40],"16":[8],"17":[18],"18":[2],"19":[23],"20":[7],"21":[4],"22":[3],"23":[4],"24":[20],"25":[20],"26":[20],"27":[18],"28":[1],"29":[1],"30":[5],"31":[6],"32":[11],"33":[10],"34":[1],"35":[29],"36":[3],"37":[26],"38":[17],"39":[17],"40":[43],"41":[18],"42":[12],"43":[42],"44":[17],"45":[1],"46":[16],"47":[5],"48":[11]},"fnMap":{"0":{"name":"mulberry32","decl":{"start":{"line":8,"column":0},"end":{"line":16,"column":1}},"loc":{"start":{"line":8,"column":0},"end":{"line":16,"column":1}},"line":8},"1":{"name":"deepClone","decl":{"start":{"line":21,"column":0},"end":{"line":27,"column":1}},"loc":{"start":{"line":21,"column":0},"end":{"line":27,"column":1}},"line":21},"2":{"name":"collectAllPaths","decl":{"start":{"line":32,"column":0},"end":{"line":57,"column":1}},"loc":{"start":{"line":32,"column":0},"end":{"line":57,"column":1}},"line":32},"3":{"name":"applyOmit","decl":{"start":{"line":62,"column":0},"end":{"line":93,"column":1}},"loc":{"start":{"line":62,"column":0},"end":{"line":93,"column":1}},"line":62},"4":{"name":"omitManual","decl":{"start":{"line":98,"column":0},"end":{"line":103,"column":1}},"loc":{"start":{"line":98,"column":0},"end":{"line":103,"column":1}},"line":98},"5":{"name":"omitRandom","decl":{"start":{"line":108,"column":0},"end":{"line":143,"column":1}},"loc":{"start":{"line":108,"column":0},"end":{"line":143,"column":1}},"line":108},"6":{"name":"omitFields","decl":{"start":{"line":148,"column":7},"end":{"line":161,"column":1}},"loc":{"start":{"line":148,"column":7},"end":{"line":161,"column":1}},"line":148}},"f":{"0":10,"1":16,"2":19,"3":23,"4":5,"5":11,"6":17}}
,"/home/arsenal/code/error-mock-test/.worktrees/error-mock-plugin/packages/core/src/engine/matcher.ts": {"path":"/home/arsenal/code/error-mock-test/.worktrees/error-mock-plugin/packages/core/src/engine/matcher.ts","all":false,"statementMap":{"0":{"start":{"line":1,"column":0},"end":{"line":1,"column":38}},"1":{"start":{"line":2,"column":0},"end":{"line":2,"column":59}},"2":{"start":{"line":3,"column":0},"end":{"line":3,"column":41}},"3":{"start":{"line":4,"column":0},"end":{"line":4,"column":0}},"4":{"start":{"line":5,"column":0},"end":{"line":5,"column":42}},"5":{"start":{"line":6,"column":0},"end":{"line":6,"column":78}},"6":{"start":{"line":7,"column":0},"end":{"line":7,"column":0}},"7":{"start":{"line":8,"column":0},"end":{"line":8,"column":77}},"8":{"start":{"line":9,"column":0},"end":{"line":9,"column":35}},"9":{"start":{"line":10,"column":0},"end":{"line":10,"column":9}},"10":{"start":{"line":11,"column":0},"end":{"line":11,"column":48}},"11":{"start":{"line":12,"column":0},"end":{"line":12,"column":35}},"12":{"start":{"line":13,"column":0},"end":{"line":13,"column":22}},"13":{"start":{"line":14,"column":0},"end":{"line":14,"column":18}},"14":{"start":{"line":15,"column":0},"end":{"line":15,"column":10}},"15":{"start":{"line":16,"column":0},"end":{"line":16,"column":13}},"16":{"start":{"line":17,"column":0},"end":{"line":17,"column":55}},"17":{"start":{"line":18,"column":0},"end":{"line":18,"column":49}},"18":{"start":{"line":19,"column":0},"end":{"line":19,"column":65}},"19":{"start":{"line":20,"column":0},"end":{"line":20,"column":8}},"20":{"start":{"line":21,"column":0},"end":{"line":21,"column":5}},"21":{"start":{"line":22,"column":0},"end":{"line":22,"column":3}},"22":{"start":{"line":23,"column":0},"end":{"line":23,"column":36}},"23":{"start":{"line":24,"column":0},"end":{"line":24,"column":1}},"24":{"start":{"line":25,"column":0},"end":{"line":25,"column":0}},"25":{"start":{"line":26,"column":0},"end":{"line":26,"column":44}},"26":{"start":{"line":27,"column":0},"end":{"line":27,"column":24}},"27":{"start":{"line":28,"column":0},"end":{"line":28,"column":36}},"28":{"start":{"line":29,"column":0},"end":{"line":29,"column":44}},"29":{"start":{"line":30,"column":0},"end":{"line":30,"column":54}},"30":{"start":{"line":31,"column":0},"end":{"line":31,"column":27}},"31":{"start":{"line":32,"column":0},"end":{"line":32,"column":15}},"32":{"start":{"line":33,"column":0},"end":{"line":33,"column":1}},"33":{"start":{"line":34,"column":0},"end":{"line":34,"column":0}},"34":{"start":{"line":35,"column":0},"end":{"line":35,"column":72}},"35":{"start":{"line":36,"column":0},"end":{"line":36,"column":53}},"36":{"start":{"line":37,"column":0},"end":{"line":37,"column":47}},"37":{"start":{"line":38,"column":0},"end":{"line":38,"column":0}},"38":{"start":{"line":39,"column":0},"end":{"line":39,"column":27}},"39":{"start":{"line":40,"column":0},"end":{"line":40,"column":45}},"40":{"start":{"line":41,"column":0},"end":{"line":41,"column":16}},"41":{"start":{"line":42,"column":0},"end":{"line":42,"column":3}},"42":{"start":{"line":43,"column":0},"end":{"line":43,"column":0}},"43":{"start":{"line":44,"column":0},"end":{"line":44,"column":46}},"44":{"start":{"line":45,"column":0},"end":{"line":45,"column":45}},"45":{"start":{"line":46,"column":0},"end":{"line":46,"column":38}},"46":{"start":{"line":47,"column":0},"end":{"line":47,"column":1}},"47":{"start":{"line":48,"column":0},"end":{"line":48,"column":0}},"48":{"start":{"line":49,"column":0},"end":{"line":49,"column":26}},"49":{"start":{"line":50,"column":0},"end":{"line":50,"column":20}},"50":{"start":{"line":51,"column":0},"end":{"line":51,"column":21}},"51":{"start":{"line":52,"column":0},"end":{"line":52,"column":23}},"52":{"start":{"line":53,"column":0},"end":{"line":53,"column":20}},"53":{"start":{"line":54,"column":0},"end":{"line":54,"column":29}},"54":{"start":{"line":55,"column":0},"end":{"line":55,"column":24}},"55":{"start":{"line":56,"column":0},"end":{"line":56,"column":15}},"56":{"start":{"line":57,"column":0},"end":{"line":57,"column":5}},"57":{"start":{"line":58,"column":0},"end":{"line":58,"column":0}},"58":{"start":{"line":59,"column":0},"end":{"line":59,"column":68}},"59":{"start":{"line":60,"column":0},"end":{"line":60,"column":15}},"60":{"start":{"line":61,"column":0},"end":{"line":61,"column":5}},"61":{"start":{"line":62,"column":0},"end":{"line":62,"column":0}},"62":{"start":{"line":63,"column":0},"end":{"line":63,"column":41}},"63":{"start":{"line":64,"column":0},"end":{"line":64,"column":18}},"64":{"start":{"line":65,"column":0},"end":{"line":65,"column":5}},"65":{"start":{"line":66,"column":0},"end":{"line":66,"column":3}},"66":{"start":{"line":67,"column":0},"end":{"line":67,"column":0}},"67":{"start":{"line":68,"column":0},"end":{"line":68,"column":14}},"68":{"start":{"line":69,"column":0},"end":{"line":69,"column":1}},"69":{"start":{"line":70,"column":0},"end":{"line":70,"column":0}},"70":{"start":{"line":71,"column":0},"end":{"line":71,"column":35}},"71":{"start":{"line":72,"column":0},"end":{"line":72,"column":43}},"72":{"start":{"line":73,"column":0},"end":{"line":73,"column":23}},"73":{"start":{"line":74,"column":0},"end":{"line":74,"column":1}}},"s":{"0":1,"1":1,"2":1,"3":1,"4":1,"5":1,"6":1,"7":7,"8":7,"9":5,"10":5,"11":5,"12":5,"13":5,"14":5,"15":5,"16":0,"17":0,"18":0,"19":0,"20":0,"21":5,"22":7,"23":7,"24":1,"25":24,"26":24,"27":24,"28":24,"29":24,"30":2,"31":22,"32":24,"33":1,"34":1,"35":12,"36":12,"37":12,"38":12,"39":12,"40":5,"41":5,"42":7,"43":7,"44":7,"45":7,"46":7,"47":1,"48":1,"49":5,"50":5,"51":5,"52":5,"53":5,"54":5,"55":1,"56":1,"57":4,"58":5,"59":1,"60":1,"61":3,"62":5,"63":2,"64":2,"65":5,"66":3,"67":3,"68":3,"69":1,"70":1,"71":1,"72":0,"73":0},"branchMap":{"0":{"type":"branch","line":8,"loc":{"start":{"line":8,"column":0},"end":{"line":24,"column":1}},"locations":[{"start":{"line":8,"column":0},"end":{"line":24,"column":1}}]},"1":{"type":"branch","line":9,"loc":{"start":{"line":9,"column":34},"end":{"line":22,"column":3}},"locations":[{"start":{"line":9,"column":34},"end":{"line":22,"column":3}}]},"2":{"type":"branch","line":16,"loc":{"start":{"line":16,"column":4},"end":{"line":21,"column":5}},"locations":[{"start":{"line":16,"column":4},"end":{"line":21,"column":5}}]},"3":{"type":"branch","line":26,"loc":{"start":{"line":26,"column":0},"end":{"line":33,"column":1}},"locations":[{"start":{"line":26,"column":0},"end":{"line":33,"column":1}}]},"4":{"type":"branch","line":30,"loc":{"start":{"line":30,"column":53},"end":{"line":31,"column":27}},"locations":[{"start":{"line":30,"column":53},"end":{"line":31,"column":27}}]},"5":{"type":"branch","line":31,"loc":{"start":{"line":31,"column":26},"end":{"line":32,"column":15}},"locations":[{"start":{"line":31,"column":26},"end":{"line":32,"column":15}}]},"6":{"type":"branch","line":35,"loc":{"start":{"line":35,"column":7},"end":{"line":47,"column":1}},"locations":[{"start":{"line":35,"column":7},"end":{"line":47,"column":1}}]},"7":{"type":"branch","line":40,"loc":{"start":{"line":40,"column":44},"end":{"line":42,"column":3}},"locations":[{"start":{"line":40,"column":44},"end":{"line":42,"column":3}}]},"8":{"type":"branch","line":42,"loc":{"start":{"line":42,"column":2},"end":{"line":47,"column":1}},"locations":[{"start":{"line":42,"column":2},"end":{"line":47,"column":1}}]},"9":{"type":"branch","line":49,"loc":{"start":{"line":49,"column":7},"end":{"line":69,"column":1}},"locations":[{"start":{"line":49,"column":7},"end":{"line":69,"column":1}}]},"10":{"type":"branch","line":55,"loc":{"start":{"line":55,"column":23},"end":{"line":57,"column":5}},"locations":[{"start":{"line":55,"column":23},"end":{"line":57,"column":5}}]},"11":{"type":"branch","line":57,"loc":{"start":{"line":57,"column":4},"end":{"line":59,"column":67}},"locations":[{"start":{"line":57,"column":4},"end":{"line":59,"column":67}}]},"12":{"type":"branch","line":59,"loc":{"start":{"line":59,"column":67},"end":{"line":61,"column":5}},"locations":[{"start":{"line":59,"column":67},"end":{"line":61,"column":5}}]},"13":{"type":"branch","line":61,"loc":{"start":{"line":61,"column":4},"end":{"line":63,"column":40}},"locations":[{"start":{"line":61,"column":4},"end":{"line":63,"column":40}}]},"14":{"type":"branch","line":63,"loc":{"start":{"line":63,"column":40},"end":{"line":65,"column":5}},"locations":[{"start":{"line":63,"column":40},"end":{"line":65,"column":5}}]},"15":{"type":"branch","line":66,"loc":{"start":{"line":66,"column":2},"end":{"line":69,"column":1}},"locations":[{"start":{"line":66,"column":2},"end":{"line":69,"column":1}}]}},"b":{"0":[7],"1":[5],"2":[0],"3":[24],"4":[2],"5":[22],"6":[12],"7":[5],"8":[7],"9":[5],"10":[1],"11":[4],"12":[1],"13":[3],"14":[2],"15":[3]},"fnMap":{"0":{"name":"getMatcher","decl":{"start":{"line":8,"column":0},"end":{"line":24,"column":1}},"loc":{"start":{"line":8,"column":0},"end":{"line":24,"column":1}},"line":8},"1":{"name":"normalizeUrl","decl":{"start":{"line":26,"column":0},"end":{"line":33,"column":1}},"loc":{"start":{"line":26,"column":0},"end":{"line":33,"column":1}},"line":26},"2":{"name":"matchUrl","decl":{"start":{"line":35,"column":7},"end":{"line":47,"column":1}},"loc":{"start":{"line":35,"column":7},"end":{"line":47,"column":1}},"line":35},"3":{"name":"matchRule","decl":{"start":{"line":49,"column":7},"end":{"line":69,"column":1}},"loc":{"start":{"line":49,"column":7},"end":{"line":69,"column":1}},"line":49},"4":{"name":"clearMatcherCache","decl":{"start":{"line":72,"column":7},"end":{"line":74,"column":1}},"loc":{"start":{"line":72,"column":7},"end":{"line":74,"column":1}},"line":72}},"f":{"0":7,"1":24,"2":12,"3":5,"4":0}}
,"/home/arsenal/code/error-mock-test/.worktrees/error-mock-plugin/packages/core/src/engine/response.ts": {"path":"/home/arsenal/code/error-mock-test/.worktrees/error-mock-plugin/packages/core/src/engine/response.ts","all":false,"statementMap":{"0":{"start":{"line":1,"column":0},"end":{"line":1,"column":39}},"1":{"start":{"line":2,"column":0},"end":{"line":2,"column":60}},"2":{"start":{"line":3,"column":0},"end":{"line":3,"column":0}},"3":{"start":{"line":4,"column":0},"end":{"line":4,"column":36}},"4":{"start":{"line":5,"column":0},"end":{"line":5,"column":72}},"5":{"start":{"line":6,"column":0},"end":{"line":6,"column":20}},"6":{"start":{"line":7,"column":0},"end":{"line":7,"column":1}},"7":{"start":{"line":8,"column":0},"end":{"line":8,"column":0}},"8":{"start":{"line":9,"column":0},"end":{"line":9,"column":59}},"9":{"start":{"line":10,"column":0},"end":{"line":10,"column":10}},"10":{"start":{"line":11,"column":0},"end":{"line":11,"column":14}},"11":{"start":{"line":12,"column":0},"end":{"line":12,"column":16}},"12":{"start":{"line":13,"column":0},"end":{"line":13,"column":23}},"13":{"start":{"line":14,"column":0},"end":{"line":14,"column":11}},"14":{"start":{"line":15,"column":0},"end":{"line":15,"column":15}},"15":{"start":{"line":16,"column":0},"end":{"line":16,"column":27}},"16":{"start":{"line":17,"column":0},"end":{"line":17,"column":34}},"17":{"start":{"line":18,"column":0},"end":{"line":18,"column":27}},"18":{"start":{"line":19,"column":0},"end":{"line":19,"column":32}},"19":{"start":{"line":20,"column":0},"end":{"line":20,"column":4}},"20":{"start":{"line":21,"column":0},"end":{"line":21,"column":1}},"21":{"start":{"line":22,"column":0},"end":{"line":22,"column":0}},"22":{"start":{"line":23,"column":0},"end":{"line":23,"column":71}},"23":{"start":{"line":24,"column":0},"end":{"line":24,"column":36}},"24":{"start":{"line":25,"column":0},"end":{"line":25,"column":1}},"25":{"start":{"line":26,"column":0},"end":{"line":26,"column":0}},"26":{"start":{"line":27,"column":0},"end":{"line":27,"column":46}},"27":{"start":{"line":28,"column":0},"end":{"line":28,"column":24}},"28":{"start":{"line":29,"column":0},"end":{"line":29,"column":22}},"29":{"start":{"line":30,"column":0},"end":{"line":30,"column":10}},"30":{"start":{"line":31,"column":0},"end":{"line":31,"column":32}},"31":{"start":{"line":32,"column":0},"end":{"line":32,"column":25}},"32":{"start":{"line":33,"column":0},"end":{"line":33,"column":27}},"33":{"start":{"line":34,"column":0},"end":{"line":34,"column":40}},"34":{"start":{"line":35,"column":0},"end":{"line":35,"column":4}},"35":{"start":{"line":36,"column":0},"end":{"line":36,"column":1}}},"s":{"0":1,"1":1,"2":1,"3":5,"4":5,"5":5,"6":5,"7":1,"8":5,"9":5,"10":5,"11":5,"12":5,"13":5,"14":5,"15":5,"16":5,"17":5,"18":5,"19":5,"20":5,"21":1,"22":1,"23":3,"24":3,"25":1,"26":1,"27":2,"28":2,"29":2,"30":2,"31":2,"32":2,"33":2,"34":2,"35":2},"branchMap":{"0":{"type":"branch","line":4,"loc":{"start":{"line":4,"column":0},"end":{"line":7,"column":1}},"locations":[{"start":{"line":4,"column":0},"end":{"line":7,"column":1}}]},"1":{"type":"branch","line":9,"loc":{"start":{"line":9,"column":0},"end":{"line":21,"column":1}},"locations":[{"start":{"line":9,"column":0},"end":{"line":21,"column":1}}]},"2":{"type":"branch","line":23,"loc":{"start":{"line":23,"column":7},"end":{"line":25,"column":1}},"locations":[{"start":{"line":23,"column":7},"end":{"line":25,"column":1}}]},"3":{"type":"branch","line":27,"loc":{"start":{"line":27,"column":7},"end":{"line":36,"column":1}},"locations":[{"start":{"line":27,"column":7},"end":{"line":36,"column":1}}]}},"b":{"0":[5],"1":[5],"2":[3],"3":[2]},"fnMap":{"0":{"name":"generateTraceId","decl":{"start":{"line":4,"column":0},"end":{"line":7,"column":1}},"loc":{"start":{"line":4,"column":0},"end":{"line":7,"column":1}},"line":4},"1":{"name":"createBaseResponse","decl":{"start":{"line":9,"column":0},"end":{"line":21,"column":1}},"loc":{"start":{"line":9,"column":0},"end":{"line":21,"column":1}},"line":9},"2":{"name":"generateSuccessResponse","decl":{"start":{"line":23,"column":7},"end":{"line":25,"column":1}},"loc":{"start":{"line":23,"column":7},"end":{"line":25,"column":1}},"line":23},"3":{"name":"generateBusinessErrorResponse","decl":{"start":{"line":27,"column":7},"end":{"line":36,"column":1}},"loc":{"start":{"line":27,"column":7},"end":{"line":36,"column":1}},"line":27}},"f":{"0":5,"1":5,"2":3,"3":2}}
}
