TN:
SF:packages/core/src/engine/field-omit.ts
FN:8,mulberry32
FN:21,deepClone
FN:42,collectAllPaths
FN:72,applyOmit
FN:108,omitManual
FN:118,shuffleArray
FN:130,omitRandom
FN:170,omitFields
FNF:8
FNH:8
FNDA:15,mulberry32
FNDA:23,deepClone
FNDA:24,collectAllPaths
FNDA:38,applyOmit
FNDA:7,omitManual
FNDA:16,shuffleArray
FNDA:16,omitRandom
FNDA:24,omitFields
DA:1,1
DA:2,1
DA:3,1
DA:4,1
DA:5,1
DA:6,1
DA:7,1
DA:8,15
DA:9,15
DA:10,87
DA:11,87
DA:12,87
DA:13,87
DA:14,87
DA:15,87
DA:16,15
DA:17,1
DA:18,1
DA:19,1
DA:20,1
DA:21,23
DA:22,23
DA:23,23
DA:24,23
DA:25,23
DA:26,23
DA:27,0
DA:28,0
DA:29,0
DA:30,0
DA:31,0
DA:32,0
DA:33,0
DA:34,0
DA:35,0
DA:36,0
DA:37,23
DA:38,1
DA:39,1
DA:40,1
DA:41,1
DA:42,24
DA:43,24
DA:44,24
DA:45,24
DA:46,24
DA:47,24
DA:48,24
DA:49,24
DA:50,24
DA:51,24
DA:52,23
DA:53,23
DA:54,1
DA:55,22
DA:56,24
DA:57,24
DA:58,77
DA:59,77
DA:60,77
DA:61,77
DA:62,8
DA:63,8
DA:64,77
DA:65,23
DA:66,23
DA:67,23
DA:68,1
DA:69,1
DA:70,1
DA:71,1
DA:72,38
DA:73,38
DA:74,38
DA:75,38
DA:76,38
DA:77,38
DA:78,38
DA:79,38
DA:80,38
DA:81,38
DA:82,9
DA:83,9
DA:84,2
DA:85,2
DA:86,7
DA:87,7
DA:88,36
DA:89,36
DA:90,38
DA:91,36
DA:92,36
DA:93,34
DA:94,34
DA:95,36
DA:96,1
DA:97,1
DA:98,36
DA:99,1
DA:100,1
DA:101,36
DA:102,36
DA:103,38
DA:104,1
DA:105,1
DA:106,1
DA:107,1
DA:108,7
DA:109,7
DA:110,8
DA:111,8
DA:112,7
DA:113,7
DA:114,1
DA:115,1
DA:116,1
DA:117,1
DA:118,16
DA:119,16
DA:120,16
DA:121,52
DA:122,52
DA:123,52
DA:124,16
DA:125,16
DA:126,1
DA:127,1
DA:128,1
DA:129,1
DA:130,16
DA:131,16
DA:132,15
DA:133,1
DA:134,16
DA:135,16
DA:136,16
DA:137,16
DA:138,16
DA:139,77
DA:140,18
DA:141,77
DA:142,16
DA:143,16
DA:144,16
DA:145,16
DA:146,16
DA:147,16
DA:148,16
DA:149,16
DA:150,16
DA:151,16
DA:152,48
DA:153,48
DA:154,30
DA:155,30
DA:156,30
DA:157,48
DA:158,16
DA:159,16
DA:160,16
DA:161,30
DA:162,30
DA:163,16
DA:164,16
DA:165,16
DA:166,1
DA:167,1
DA:168,1
DA:169,1
DA:170,1
DA:171,24
DA:172,1
DA:173,1
DA:174,23
DA:175,23
DA:176,23
DA:177,23
DA:178,24
DA:179,7
DA:180,7
DA:181,16
DA:182,16
DA:183,16
LF:183
LH:173
BRDA:8,0,0,15
BRDA:9,1,0,87
BRDA:21,2,0,23
BRDA:26,3,0,0
BRDA:42,4,0,24
BRDA:50,5,0,1
BRDA:50,6,0,23
BRDA:51,7,0,23
BRDA:51,8,0,0
BRDA:51,9,0,23
BRDA:53,10,0,1
BRDA:54,11,0,22
BRDA:57,12,0,77
BRDA:58,13,0,11
BRDA:58,14,0,66
BRDA:61,15,0,74
BRDA:61,16,0,8
BRDA:64,17,0,23
BRDA:54,18,0,2
BRDA:72,19,0,38
BRDA:81,20,0,9
BRDA:83,21,0,7
BRDA:83,22,0,2
BRDA:85,23,0,7
BRDA:87,24,0,36
BRDA:90,25,0,36
BRDA:90,26,0,36
BRDA:92,27,0,34
BRDA:95,28,0,1
BRDA:98,29,0,1
BRDA:108,30,0,7
BRDA:109,31,0,8
BRDA:118,32,0,16
BRDA:120,33,0,52
BRDA:130,34,0,16
BRDA:131,35,0,15
BRDA:132,36,0,1
BRDA:151,37,0,48
BRDA:152,38,0,8
BRDA:152,39,0,40
BRDA:153,40,0,30
BRDA:160,41,0,30
BRDA:138,42,0,77
BRDA:139,43,0,18
BRDA:140,44,0,12
BRDA:170,45,0,24
BRDA:171,46,0,1
BRDA:173,47,0,23
BRDA:178,48,0,7
BRDA:180,49,0,16
BRF:50
BRH:48
end_of_record
TN:
SF:packages/core/src/engine/matcher.ts
FN:8,getMatcher
FN:26,normalizeUrl
FN:35,matchUrl
FN:49,matchRule
FN:72,clearMatcherCache
FNF:5
FNH:5
FNDA:11,getMatcher
FNDA:134,normalizeUrl
FNDA:67,matchUrl
FNDA:56,matchRule
FNDA:1,clearMatcherCache
DA:1,1
DA:2,1
DA:3,1
DA:4,1
DA:5,1
DA:6,1
DA:7,1
DA:8,11
DA:9,11
DA:10,8
DA:11,8
DA:12,8
DA:13,8
DA:14,8
DA:15,8
DA:16,8
DA:17,0
DA:18,0
DA:19,0
DA:20,0
DA:21,0
DA:22,8
DA:23,11
DA:24,11
DA:25,1
DA:26,134
DA:27,134
DA:28,134
DA:29,134
DA:30,134
DA:31,2
DA:32,132
DA:33,134
DA:34,1
DA:35,1
DA:36,67
DA:37,67
DA:38,67
DA:39,67
DA:40,67
DA:41,56
DA:42,56
DA:43,11
DA:44,11
DA:45,11
DA:46,11
DA:47,11
DA:48,1
DA:49,1
DA:50,56
DA:51,56
DA:52,56
DA:53,56
DA:54,56
DA:55,56
DA:56,1
DA:57,1
DA:58,55
DA:59,56
DA:60,1
DA:61,1
DA:62,54
DA:63,56
DA:64,52
DA:65,52
DA:66,56
DA:67,4
DA:68,4
DA:69,4
DA:70,1
DA:71,1
DA:72,1
DA:73,1
DA:74,1
LF:74
LH:69
BRDA:8,0,0,11
BRDA:9,1,0,8
BRDA:16,2,0,0
BRDA:26,3,0,134
BRDA:30,4,0,2
BRDA:31,5,0,132
BRDA:35,6,0,67
BRDA:40,7,0,56
BRDA:42,8,0,11
BRDA:49,9,0,56
BRDA:55,10,0,1
BRDA:57,11,0,55
BRDA:59,12,0,1
BRDA:61,13,0,54
BRDA:63,14,0,52
BRDA:66,15,0,4
BRDA:72,16,0,1
BRF:17
BRH:16
end_of_record
TN:
SF:packages/core/src/engine/response.ts
FN:4,generateTraceId
FN:9,createBaseResponse
FN:23,generateSuccessResponse
FN:27,generateBusinessErrorResponse
FNF:4
FNH:4
FNDA:38,generateTraceId
FNDA:38,createBaseResponse
FNDA:34,generateSuccessResponse
FNDA:4,generateBusinessErrorResponse
DA:1,1
DA:2,1
DA:3,1
DA:4,38
DA:5,38
DA:6,38
DA:7,38
DA:8,1
DA:9,38
DA:10,38
DA:11,38
DA:12,38
DA:13,38
DA:14,38
DA:15,38
DA:16,38
DA:17,38
DA:18,38
DA:19,38
DA:20,38
DA:21,38
DA:22,1
DA:23,1
DA:24,34
DA:25,34
DA:26,1
DA:27,1
DA:28,4
DA:29,4
DA:30,4
DA:31,4
DA:32,4
DA:33,4
DA:34,4
DA:35,4
DA:36,4
LF:36
LH:36
BRDA:4,0,0,38
BRDA:9,1,0,38
BRDA:23,2,0,34
BRDA:27,3,0,4
BRF:4
BRH:4
end_of_record
TN:
SF:packages/core/src/interceptor/fetch.ts
FN:20,installFetchInterceptor
FN:31,globalThis.fetch
FN:104,uninstallFetchInterceptor
FN:116,updateRules
FN:123,shouldBypass
FN:162,delay
FN:166,cleanup
FN:177,abortHandler
FN:199,handleMock
FNF:9
FNH:9
FNDA:34,installFetchInterceptor
FNDA:36,globalThis.fetch
FNDA:33,uninstallFetchInterceptor
FNDA:1,updateRules
FNDA:36,shouldBypass
FNDA:6,delay
FNDA:6,cleanup
FNDA:4,abortHandler
FNDA:24,handleMock
DA:1,1
DA:2,1
DA:3,1
DA:4,1
DA:5,1
DA:6,1
DA:7,1
DA:8,1
DA:9,1
DA:10,1
DA:11,1
DA:12,1
DA:13,1
DA:14,1
DA:15,1
DA:16,1
DA:17,1
DA:18,1
DA:19,1
DA:20,1
DA:21,34
DA:22,34
DA:23,34
DA:24,34
DA:25,33
DA:26,33
DA:27,33
DA:28,33
DA:29,34
DA:30,34
DA:31,34
DA:32,36
DA:33,36
DA:34,36
DA:35,36
DA:36,36
DA:37,36
DA:38,36
DA:39,36
DA:40,36
DA:41,2
DA:42,2
DA:43,2
DA:44,36
DA:45,34
DA:46,34
DA:47,34
DA:48,34
DA:49,8
DA:50,1
DA:51,8
DA:52,1
DA:53,1
DA:54,7
DA:55,6
DA:56,6
DA:57,6
DA:58,8
DA:59,34
DA:60,36
DA:61,36
DA:62,36
DA:63,36
DA:64,36
DA:65,5
DA:66,5
DA:67,36
DA:68,31
DA:69,31
DA:70,36
DA:71,36
DA:72,36
DA:73,10
DA:74,10
DA:75,26
DA:76,26
DA:77,36
DA:78,1
DA:79,1
DA:80,25
DA:81,25
DA:82,25
DA:83,36
DA:84,1
DA:85,1
DA:86,36
DA:87,6
DA:88,6
DA:89,25
DA:90,25
DA:91,36
DA:92,7
DA:93,1
DA:94,1
DA:95,7
DA:96,24
DA:97,24
DA:98,36
DA:99,34
DA:100,1
DA:101,1
DA:102,1
DA:103,1
DA:104,1
DA:105,33
DA:106,33
DA:107,33
DA:108,33
DA:109,33
DA:110,33
DA:111,33
DA:112,1
DA:113,1
DA:114,1
DA:115,1
DA:116,1
DA:117,1
DA:118,1
DA:119,1
DA:120,1
DA:121,1
DA:122,1
DA:123,36
DA:124,36
DA:125,36
DA:126,8
DA:127,8
DA:128,11
DA:129,7
DA:130,7
DA:131,11
DA:132,1
DA:133,29
DA:134,29
DA:135,36
DA:136,1
DA:137,1
DA:138,28
DA:139,28
DA:140,28
DA:141,36
DA:142,36
DA:143,1
DA:144,1
DA:145,36
DA:146,0
DA:147,0
DA:148,27
DA:149,27
DA:150,36
DA:151,1
DA:152,1
DA:153,1
DA:154,1
DA:155,26
DA:156,26
DA:157,26
DA:158,1
DA:159,1
DA:160,1
DA:161,1
DA:162,6
DA:163,6
DA:164,6
DA:165,6
DA:166,6
DA:167,6
DA:168,5
DA:169,6
DA:170,6
DA:171,6
DA:172,6
DA:173,2
DA:174,2
DA:175,6
DA:176,6
DA:177,6
DA:178,4
DA:179,4
DA:180,4
DA:181,4
DA:182,6
DA:183,6
DA:184,5
DA:185,0
DA:186,0
DA:187,0
DA:188,0
DA:189,0
DA:190,5
DA:191,5
DA:192,5
DA:193,6
DA:194,6
DA:195,1
DA:196,1
DA:197,1
DA:198,1
DA:199,24
DA:200,24
DA:201,24
DA:202,24
DA:203,24
DA:204,6
DA:205,2
DA:206,20
DA:207,20
DA:208,24
DA:209,2
DA:210,0
DA:211,0
DA:212,2
DA:213,20
DA:214,20
DA:215,24
DA:216,1
DA:217,1
DA:218,19
DA:219,19
DA:220,24
DA:221,1
DA:222,1
DA:223,18
DA:224,18
DA:225,24
DA:226,1
DA:227,1
DA:228,17
DA:229,17
DA:230,24
DA:231,3
DA:232,3
DA:233,14
DA:234,14
DA:235,14
DA:236,24
DA:237,1
DA:238,24
DA:239,13
DA:240,13
DA:241,1
DA:242,12
DA:243,13
DA:244,13
DA:245,14
DA:246,14
DA:247,24
DA:248,1
DA:249,1
DA:250,14
DA:251,14
DA:252,14
DA:253,14
DA:254,14
DA:255,14
DA:256,14
LF:256
LH:247
BRDA:20,0,0,34
BRDA:24,1,0,1
BRDA:24,2,0,33
BRDA:29,3,0,23
BRDA:31,4,0,36
BRDA:40,5,0,2
BRDA:43,6,0,1
BRDA:44,7,0,34
BRDA:47,8,0,16
BRDA:47,9,0,10
BRDA:47,10,0,24
BRDA:48,11,0,16
BRDA:48,12,0,8
BRDA:49,13,0,1
BRDA:50,14,0,0
BRDA:51,15,0,7
BRDA:51,16,0,1
BRDA:54,17,0,6
BRDA:64,18,0,5
BRDA:67,19,0,31
BRDA:72,20,0,10
BRDA:74,21,0,26
BRDA:77,22,0,25
BRDA:77,23,0,1
BRDA:79,24,0,25
BRDA:83,25,0,1
BRDA:83,26,0,1
BRDA:85,27,0,25
BRDA:86,28,0,9
BRDA:86,29,0,6
BRDA:88,30,0,25
BRDA:91,31,0,7
BRDA:92,32,0,1
BRDA:95,33,0,24
BRDA:52,34,0,1
BRDA:104,35,0,33
BRDA:116,36,0,1
BRDA:123,37,0,36
BRDA:125,38,0,9
BRDA:125,39,0,8
BRDA:127,40,0,11
BRDA:128,41,0,7
BRDA:131,42,0,1
BRDA:132,43,0,29
BRDA:135,44,0,1
BRDA:137,45,0,28
BRDA:141,46,0,0
BRDA:142,47,0,1
BRDA:145,48,0,0
BRDA:147,49,0,27
BRDA:150,50,0,1
BRDA:154,51,0,26
BRDA:162,52,0,6
BRDA:163,53,0,6
BRDA:183,54,0,5
BRDA:184,55,0,0
BRDA:166,56,0,6
BRDA:167,57,0,5
BRDA:172,58,0,2
BRDA:177,59,0,4
BRDA:199,60,0,24
BRDA:203,61,0,6
BRDA:204,62,0,2
BRDA:205,63,0,20
BRDA:208,64,0,2
BRDA:209,65,0,0
BRDA:212,66,0,20
BRDA:215,67,0,1
BRDA:217,68,0,19
BRDA:220,69,0,1
BRDA:222,70,0,18
BRDA:225,71,0,1
BRDA:225,72,0,1
BRDA:227,73,0,17
BRDA:230,74,0,3
BRDA:232,75,0,14
BRDA:236,76,0,1
BRDA:238,77,0,13
BRDA:240,78,0,1
BRDA:241,79,0,12
BRDA:244,80,0,14
BRDA:247,81,0,1
BRDA:249,82,0,14
BRF:83
BRH:78
end_of_record
TN:
SF:packages/core/src/interceptor/xhr.ts
FN:17,installXHRInterceptor
FN:32,uninstallXHRInterceptor
FN:41,updateRules
FN:45,shouldBypass
FN:82,NotImplementedError
FN:90,<static_initializer>
FN:97,<instance_members_initializer>
FN:134,open
FN:143,setRequestHeader
FN:150,getResponseHeader
FN:154,getAllResponseHeaders
FN:160,abort
FN:177,send
FN:205,execute
FN:245,_passthrough
FN:294,_handleSuccess
FN:347,_handleError
FN:355,_handleTimeout
FN:363,_changeState
FN:368,_dispatchEvent
FN:383,overrideMimeType
FN:388,addEventListener
FN:392,removeEventListener
FN:396,dispatchEvent
FNF:24
FNH:22
FNDA:47,installXHRInterceptor
FNDA:46,uninstallXHRInterceptor
FNDA:0,updateRules
FNDA:25,shouldBypass
FNDA:6,NotImplementedError
FNDA:1,<static_initializer>
FNDA:47,<instance_members_initializer>
FNDA:38,open
FNDA:12,setRequestHeader
FNDA:1,getResponseHeader
FNDA:1,getAllResponseHeaders
FNDA:1,abort
FNDA:26,send
FNDA:24,execute
FNDA:0,_passthrough
FNDA:19,_handleSuccess
FNDA:4,_handleError
FNDA:1,_handleTimeout
FNDA:101,_changeState
FNDA:94,_dispatchEvent
FNDA:1,overrideMimeType
FNDA:2,addEventListener
FNDA:2,removeEventListener
FNDA:2,dispatchEvent
DA:1,1
DA:2,1
DA:3,1
DA:4,1
DA:5,1
DA:6,1
DA:7,1
DA:8,1
DA:9,1
DA:10,1
DA:11,1
DA:12,1
DA:13,1
DA:14,1
DA:15,1
DA:16,1
DA:17,1
DA:18,47
DA:19,47
DA:20,47
DA:21,47
DA:22,46
DA:23,46
DA:24,46
DA:25,46
DA:26,47
DA:27,47
DA:28,47
DA:29,47
DA:30,47
DA:31,1
DA:32,1
DA:33,46
DA:34,46
DA:35,46
DA:36,46
DA:37,46
DA:38,46
DA:39,46
DA:40,1
DA:41,1
DA:42,0
DA:43,0
DA:44,1
DA:45,25
DA:46,25
DA:47,25
DA:48,1
DA:49,1
DA:50,1
DA:51,0
DA:52,0
DA:53,1
DA:54,1
DA:55,25
DA:56,25
DA:57,25
DA:58,0
DA:59,0
DA:60,25
DA:61,25
DA:62,25
DA:63,25
DA:64,25
DA:65,0
DA:66,0
DA:67,25
DA:68,0
DA:69,0
DA:70,25
DA:71,25
DA:72,25
DA:73,0
DA:74,0
DA:75,0
DA:76,0
DA:77,25
DA:78,25
DA:79,25
DA:80,1
DA:81,1
DA:82,1
DA:83,6
DA:84,6
DA:85,6
DA:86,1
DA:87,1
DA:88,1
DA:89,1
DA:90,1
DA:91,1
DA:92,1
DA:93,1
DA:94,1
DA:95,1
DA:96,1
DA:97,1
DA:98,47
DA:99,47
DA:100,47
DA:101,47
DA:102,47
DA:103,47
DA:104,47
DA:105,47
DA:106,47
DA:107,47
DA:108,47
DA:109,47
DA:110,47
DA:111,47
DA:112,47
DA:113,47
DA:114,47
DA:115,47
DA:116,47
DA:117,47
DA:118,47
DA:119,47
DA:120,47
DA:121,47
DA:122,47
DA:123,47
DA:124,47
DA:125,47
DA:126,47
DA:127,47
DA:128,47
DA:129,47
DA:130,47
DA:131,47
DA:132,47
DA:133,1
DA:134,1
DA:135,38
DA:136,38
DA:137,38
DA:138,38
DA:139,38
DA:140,38
DA:141,38
DA:142,1
DA:143,1
DA:144,12
DA:145,12
DA:146,1
DA:147,11
DA:148,12
DA:149,1
DA:150,1
DA:151,1
DA:152,1
DA:153,1
DA:154,1
DA:155,1
DA:156,1
DA:157,1
DA:158,1
DA:159,1
DA:160,1
DA:161,1
DA:162,1
DA:163,1
DA:164,1
DA:165,1
DA:166,1
DA:167,0
DA:168,0
DA:169,1
DA:170,1
DA:171,1
DA:172,1
DA:173,1
DA:174,1
DA:175,1
DA:176,1
DA:177,1
DA:178,26
DA:179,1
DA:180,1
DA:181,25
DA:182,25
DA:183,25
DA:184,25
DA:185,25
DA:186,26
DA:187,1
DA:188,1
DA:189,1
DA:190,1
DA:191,0
DA:192,0
DA:193,1
DA:194,25
DA:195,25
DA:196,25
DA:197,25
DA:198,25
DA:199,25
DA:200,26
DA:201,0
DA:202,0
DA:203,0
DA:204,25
DA:205,25
DA:206,24
DA:207,24
DA:208,24
DA:209,24
DA:210,24
DA:211,24
DA:212,1
DA:213,1
DA:214,1
DA:215,23
DA:216,23
DA:217,24
DA:218,1
DA:219,1
DA:220,1
DA:221,22
DA:222,22
DA:223,24
DA:224,1
DA:225,1
DA:226,1
DA:227,21
DA:228,21
DA:229,24
DA:230,2
DA:231,2
DA:232,2
DA:233,19
DA:234,19
DA:235,19
DA:236,24
DA:237,25
DA:238,26
DA:239,24
DA:240,26
DA:241,1
DA:242,1
DA:243,26
DA:244,1
DA:245,1
DA:246,0
DA:247,0
DA:248,0
DA:249,0
DA:250,0
DA:251,0
DA:252,0
DA:253,0
DA:254,0
DA:255,0
DA:256,0
DA:257,0
DA:258,0
DA:259,0
DA:260,0
DA:261,0
DA:262,0
DA:263,0
DA:264,0
DA:265,0
DA:266,0
DA:267,0
DA:268,0
DA:269,0
DA:270,0
DA:271,0
DA:272,0
DA:273,0
DA:274,0
DA:275,0
DA:276,0
DA:277,0
DA:278,0
DA:279,0
DA:280,0
DA:281,0
DA:282,0
DA:283,0
DA:284,0
DA:285,0
DA:286,0
DA:287,0
DA:288,0
DA:289,0
DA:290,0
DA:291,0
DA:292,0
DA:293,1
DA:294,1
DA:295,19
DA:296,19
DA:297,1
DA:298,19
DA:299,18
DA:300,18
DA:301,1
DA:302,17
DA:303,18
DA:304,18
DA:305,19
DA:306,19
DA:307,1
DA:308,1
DA:309,19
DA:310,19
DA:311,19
DA:312,19
DA:313,19
DA:314,19
DA:315,19
DA:316,19
DA:317,19
DA:318,19
DA:319,1
DA:320,1
DA:321,19
DA:322,19
DA:323,15
DA:324,15
DA:325,15
DA:326,19
DA:327,1
DA:328,1
DA:329,19
DA:330,1
DA:331,1
DA:332,1
DA:333,19
DA:334,1
DA:335,1
DA:336,1
DA:337,19
DA:338,19
DA:339,19
DA:340,19
DA:341,19
DA:342,19
DA:343,19
DA:344,19
DA:345,19
DA:346,1
DA:347,1
DA:348,4
DA:349,4
DA:350,4
DA:351,4
DA:352,4
DA:353,4
DA:354,1
DA:355,1
DA:356,1
DA:357,1
DA:358,1
DA:359,1
DA:360,1
DA:361,1
DA:362,1
DA:363,1
DA:364,101
DA:365,101
DA:366,101
DA:367,1
DA:368,1
DA:369,94
DA:370,94
DA:371,94
DA:372,94
DA:373,94
DA:374,94
DA:375,94
DA:376,94
DA:377,94
DA:378,24
DA:379,24
DA:380,94
DA:381,1
DA:382,1
DA:383,1
DA:384,1
DA:385,1
DA:386,1
DA:387,1
DA:388,1
DA:389,2
DA:390,2
DA:391,1
DA:392,1
DA:393,2
DA:394,2
DA:395,1
DA:396,1
DA:397,2
DA:398,2
DA:399,1
LF:399
LH:331
BRDA:17,0,0,47
BRDA:21,1,0,1
BRDA:21,2,0,46
BRDA:26,3,0,36
BRDA:32,4,0,46
BRDA:45,5,0,25
BRDA:47,6,0,3
BRDA:47,7,0,1
BRDA:50,8,0,0
BRDA:57,9,0,0
BRDA:63,10,0,0
BRDA:64,11,0,0
BRDA:67,12,0,0
BRDA:72,13,0,0
BRDA:82,14,0,6
BRDA:90,15,0,1
BRDA:97,16,0,47
BRDA:134,17,0,38
BRDA:143,18,0,12
BRDA:145,19,0,1
BRDA:146,20,0,11
BRDA:150,21,0,1
BRDA:151,22,0,0
BRDA:154,23,0,1
BRDA:156,24,0,1
BRDA:160,25,0,1
BRDA:166,26,0,0
BRDA:177,27,0,26
BRDA:178,28,0,1
BRDA:180,29,0,25
BRDA:186,30,0,1
BRDA:190,31,0,0
BRDA:193,32,0,25
BRDA:200,33,0,25
BRDA:200,34,0,0
BRDA:203,35,0,25
BRDA:238,36,0,24
BRDA:240,37,0,1
BRDA:205,38,0,24
BRDA:206,39,0,0
BRDA:211,40,0,1
BRDA:214,41,0,23
BRDA:217,42,0,1
BRDA:220,43,0,22
BRDA:223,44,0,1
BRDA:223,45,0,1
BRDA:226,46,0,21
BRDA:229,47,0,2
BRDA:232,48,0,19
BRDA:294,49,0,19
BRDA:296,50,0,1
BRDA:298,51,0,18
BRDA:300,52,0,1
BRDA:301,53,0,17
BRDA:306,54,0,1
BRDA:318,55,0,1
BRDA:321,56,0,1
BRDA:322,57,0,15
BRDA:326,58,0,1
BRDA:329,59,0,1
BRDA:333,60,0,1
BRDA:347,61,0,4
BRDA:355,62,0,1
BRDA:363,63,0,101
BRDA:365,64,0,42
BRDA:368,65,0,94
BRDA:377,66,0,24
BRDA:383,67,0,1
BRDA:388,68,0,2
BRDA:392,69,0,2
BRDA:396,70,0,2
BRF:71
BRH:60
end_of_record
TN:
SF:packages/core/src/storage/local.ts
FN:12,<instance_members_initializer>
FN:14,RuleStorage
FN:18,get rulesKey
FN:22,get configKey
FN:26,saveRules
FN:34,getRules
FN:52,normalizeMethod
FN:60,updateRule
FN:69,clear
FN:74,getGlobalConfig
FN:83,saveGlobalConfig
FN:92,exportConfig
FN:99,importConfig
FNF:13
FNH:13
FNDA:1,<instance_members_initializer>
FNDA:1,RuleStorage
FNDA:26,get rulesKey
FNDA:20,get configKey
FNDA:6,saveRules
FNDA:9,getRules
FNDA:8,normalizeMethod
FNDA:1,updateRule
FNDA:11,clear
FNDA:6,getGlobalConfig
FNDA:3,saveGlobalConfig
FNDA:1,exportConfig
FNDA:2,importConfig
DA:1,1
DA:2,1
DA:3,1
DA:4,1
DA:5,1
DA:6,1
DA:7,1
DA:8,1
DA:9,1
DA:10,1
DA:11,1
DA:12,1
DA:13,1
DA:14,1
DA:15,1
DA:16,1
DA:17,1
DA:18,1
DA:19,26
DA:20,26
DA:21,1
DA:22,1
DA:23,20
DA:24,20
DA:25,1
DA:26,1
DA:27,6
DA:28,6
DA:29,6
DA:30,1
DA:31,1
DA:32,6
DA:33,1
DA:34,1
DA:35,9
DA:36,9
DA:37,9
DA:38,6
DA:39,6
DA:40,6
DA:41,6
DA:42,6
DA:43,7
DA:44,7
DA:45,6
DA:46,9
DA:47,1
DA:48,1
DA:49,1
DA:50,9
DA:51,1
DA:52,1
DA:53,8
DA:54,8
DA:55,8
DA:56,7
DA:57,1
DA:58,8
DA:59,1
DA:60,1
DA:61,1
DA:62,1
DA:63,1
DA:64,1
DA:65,1
DA:66,1
DA:67,1
DA:68,1
DA:69,1
DA:70,11
DA:71,11
DA:72,11
DA:73,1
DA:74,1
DA:75,6
DA:76,6
DA:77,6
DA:78,6
DA:79,1
DA:80,1
DA:81,6
DA:82,1
DA:83,1
DA:84,3
DA:85,3
DA:86,3
DA:87,3
DA:88,1
DA:89,1
DA:90,3
DA:91,1
DA:92,1
DA:93,1
DA:94,1
DA:95,1
DA:96,1
DA:97,1
DA:98,1
DA:99,1
DA:100,2
DA:101,2
DA:102,2
DA:103,1
DA:104,1
DA:105,1
DA:106,1
DA:107,1
DA:108,1
DA:109,1
DA:110,1
DA:111,1
DA:112,1
DA:113,1
DA:114,1
DA:115,2
DA:116,1
LF:116
LH:116
BRDA:12,0,0,1
BRDA:14,1,0,1
BRDA:18,2,0,26
BRDA:22,3,0,20
BRDA:26,4,0,6
BRDA:29,5,0,1
BRDA:34,6,0,9
BRDA:37,7,0,2
BRDA:37,8,0,6
BRDA:46,9,0,1
BRDA:42,10,0,7
BRDA:52,11,0,8
BRDA:54,12,0,0
BRDA:55,13,0,7
BRDA:56,14,0,1
BRDA:60,15,0,1
BRDA:62,16,0,1
BRDA:69,17,0,11
BRDA:74,18,0,6
BRDA:77,19,0,3
BRDA:77,20,0,3
BRDA:78,21,0,1
BRDA:83,22,0,3
BRDA:87,23,0,1
BRDA:92,24,0,1
BRDA:99,25,0,2
BRDA:102,26,0,1
BRDA:104,27,0,1
BRF:28
BRH:27
end_of_record
TN:
SF:packages/parser/src/adapters/default.ts
FN:9,parseApiFile
FN:22,collectUrlConstants
FN:40,findCreateRequestCalls
FN:67,extractApiMeta
FN:112,createDefaultAdapter
FN:114,parse
FNF:6
FNH:6
FNDA:20,parseApiFile
FNDA:474,collectUrlConstants
FNDA:474,findCreateRequestCalls
FNDA:13,extractApiMeta
FNDA:8,createDefaultAdapter
FNDA:8,parse
DA:1,1
DA:2,1
DA:3,1
DA:4,1
DA:5,1
DA:6,1
DA:7,1
DA:8,1
DA:9,1
DA:10,20
DA:11,20
DA:12,20
DA:13,20
DA:14,20
DA:15,20
DA:16,20
DA:17,20
DA:18,20
DA:19,20
DA:20,20
DA:21,20
DA:22,20
DA:23,474
DA:24,29
DA:25,29
DA:26,29
DA:27,29
DA:28,9
DA:29,8
DA:30,9
DA:31,1
DA:32,1
DA:33,9
DA:34,29
DA:35,29
DA:36,474
DA:37,474
DA:38,20
DA:39,20
DA:40,20
DA:41,474
DA:42,29
DA:43,29
DA:44,29
DA:45,14
DA:46,14
DA:47,14
DA:48,14
DA:49,14
DA:50,29
DA:51,13
DA:52,13
DA:53,11
DA:54,11
DA:55,13
DA:56,29
DA:57,29
DA:58,474
DA:59,474
DA:60,20
DA:61,20
DA:62,20
DA:63,20
DA:64,20
DA:65,20
DA:66,1
DA:67,13
DA:68,13
DA:69,13
DA:70,13
DA:71,13
DA:72,13
DA:73,13
DA:74,13
DA:75,13
DA:76,13
DA:77,13
DA:78,13
DA:79,13
DA:80,13
DA:81,13
DA:82,16
DA:83,16
DA:84,16
DA:85,16
DA:86,16
DA:87,13
DA:88,2
DA:89,13
DA:90,9
DA:91,9
DA:92,13
DA:93,16
DA:94,16
DA:95,3
DA:96,3
DA:97,3
DA:98,3
DA:99,16
DA:100,13
DA:101,13
DA:102,11
DA:103,13
DA:104,13
DA:105,13
DA:106,13
DA:107,13
DA:108,1
DA:109,1
DA:110,1
DA:111,1
DA:112,1
DA:113,8
DA:114,8
DA:115,8
DA:116,8
DA:117,8
DA:118,1
DA:119,1
DA:120,1
DA:121,7
DA:122,7
DA:123,7
DA:124,7
DA:125,7
DA:126,8
DA:127,9
DA:128,9
DA:129,9
DA:130,1
DA:131,1
DA:132,8
DA:133,8
DA:134,8
DA:135,8
DA:136,8
DA:137,9
DA:138,0
DA:139,0
DA:140,9
DA:141,7
DA:142,7
DA:143,8
DA:144,8
DA:145,8
LF:145
LH:143
BRDA:9,0,0,20
BRDA:22,1,0,474
BRDA:23,2,0,29
BRDA:26,3,0,9
BRDA:27,4,0,9
BRDA:28,5,0,8
BRDA:30,6,0,1
BRDA:40,7,0,474
BRDA:41,8,0,29
BRDA:43,9,0,0
BRDA:44,10,0,15
BRDA:44,11,0,14
BRDA:50,12,0,13
BRDA:52,13,0,11
BRDA:67,14,0,13
BRDA:76,15,0,0
BRDA:81,16,0,16
BRDA:82,17,0,0
BRDA:86,18,0,13
BRDA:87,19,0,2
BRDA:89,20,0,11
BRDA:89,21,0,9
BRDA:90,22,0,0
BRDA:94,23,0,3
BRDA:101,24,0,2
BRDA:101,25,0,11
BRDA:103,26,0,10
BRDA:103,27,0,1
BRDA:104,28,0,10
BRDA:104,29,0,1
BRDA:112,30,0,8
BRDA:114,31,0,8
BRDA:117,32,0,1
BRDA:120,33,0,7
BRDA:126,34,0,9
BRDA:129,35,0,1
BRDA:131,36,0,8
BRDA:137,37,0,0
BRDA:140,38,0,7
BRDA:123,39,0,9
BRDA:124,40,0,9
BRF:41
BRH:36
end_of_record
TN:
SF:packages/ui/src/App.svelte
FN:1,(empty-report)
FNF:1
FNH:0
FNDA:0,(empty-report)
DA:1,0
DA:2,0
DA:3,0
DA:4,0
DA:5,0
DA:6,0
DA:7,0
DA:8,0
DA:9,0
DA:10,0
DA:11,0
DA:12,0
DA:13,0
DA:14,0
DA:15,0
DA:16,0
DA:17,0
DA:18,0
DA:19,0
DA:20,0
DA:21,0
DA:22,0
DA:23,0
DA:24,0
DA:25,0
DA:26,0
DA:27,0
DA:28,0
DA:29,0
DA:30,0
DA:31,0
DA:32,0
DA:33,0
DA:34,0
DA:35,0
DA:36,0
DA:37,0
DA:38,0
DA:39,0
DA:40,0
DA:41,0
DA:42,0
DA:43,0
DA:44,0
DA:45,0
DA:46,0
DA:47,0
DA:48,0
DA:49,0
DA:50,0
DA:51,0
DA:52,0
DA:53,0
DA:54,0
DA:55,0
DA:56,0
DA:57,0
DA:58,0
DA:59,0
DA:60,0
DA:61,0
DA:62,0
DA:63,0
DA:64,0
DA:65,0
DA:66,0
DA:67,0
DA:68,0
DA:69,0
DA:70,0
DA:71,0
DA:72,0
DA:73,0
DA:74,0
DA:75,0
DA:76,0
DA:77,0
DA:78,0
DA:79,0
DA:80,0
DA:81,0
DA:82,0
DA:83,0
DA:84,0
DA:85,0
DA:86,0
DA:87,0
DA:88,0
DA:89,0
DA:90,0
DA:91,0
DA:92,0
DA:93,0
DA:94,0
DA:95,0
DA:96,0
DA:97,0
DA:98,0
DA:99,0
DA:100,0
DA:101,0
DA:102,0
DA:103,0
DA:104,0
DA:105,0
DA:106,0
DA:107,0
DA:108,0
DA:109,0
DA:110,0
DA:111,0
DA:112,0
DA:113,0
DA:114,0
DA:115,0
DA:116,0
DA:117,0
DA:118,0
DA:119,0
DA:120,0
DA:121,0
DA:122,0
DA:123,0
DA:124,0
DA:125,0
DA:126,0
DA:127,0
DA:128,0
DA:129,0
DA:130,0
DA:131,0
DA:132,0
DA:133,0
DA:134,0
DA:135,0
DA:136,0
DA:137,0
DA:138,0
DA:139,0
DA:140,0
DA:141,0
DA:142,0
DA:143,0
DA:144,0
DA:145,0
DA:146,0
DA:147,0
DA:148,0
DA:149,0
DA:150,0
DA:151,0
DA:152,0
DA:153,0
DA:154,0
DA:155,0
DA:156,0
DA:157,0
DA:158,0
DA:159,0
DA:160,0
DA:161,0
DA:162,0
DA:163,0
DA:164,0
DA:165,0
DA:166,0
DA:167,0
DA:168,0
DA:169,0
DA:170,0
DA:171,0
DA:172,0
DA:173,0
DA:174,0
DA:175,0
DA:176,0
DA:177,0
DA:178,0
DA:179,0
DA:180,0
DA:181,0
DA:182,0
DA:183,0
DA:184,0
DA:185,0
DA:186,0
DA:187,0
DA:188,0
DA:189,0
DA:190,0
DA:191,0
DA:192,0
DA:193,0
DA:194,0
DA:195,0
DA:196,0
DA:197,0
DA:198,0
DA:199,0
DA:200,0
DA:201,0
DA:202,0
DA:203,0
DA:204,0
DA:205,0
DA:206,0
DA:207,0
DA:208,0
DA:209,0
DA:210,0
DA:211,0
DA:212,0
DA:213,0
DA:214,0
DA:215,0
DA:216,0
DA:217,0
DA:218,0
DA:219,0
DA:220,0
DA:221,0
DA:222,0
DA:223,0
DA:224,0
DA:225,0
DA:226,0
DA:227,0
DA:228,0
DA:229,0
DA:230,0
DA:231,0
DA:232,0
DA:233,0
DA:234,0
DA:235,0
DA:236,0
DA:237,0
DA:238,0
DA:239,0
DA:240,0
DA:241,0
DA:242,0
DA:243,0
DA:244,0
DA:245,0
DA:246,0
DA:247,0
DA:248,0
DA:249,0
DA:250,0
DA:251,0
DA:252,0
DA:253,0
DA:254,0
DA:255,0
DA:256,0
DA:257,0
DA:258,0
DA:259,0
DA:260,0
DA:261,0
DA:262,0
DA:263,0
DA:264,0
DA:265,0
DA:266,0
DA:267,0
DA:268,0
DA:269,0
DA:270,0
DA:271,0
DA:272,0
DA:273,0
DA:274,0
DA:275,0
DA:276,0
DA:277,0
DA:278,0
DA:279,0
DA:280,0
DA:281,0
DA:282,0
DA:283,0
DA:284,0
DA:285,0
DA:286,0
DA:287,0
DA:288,0
DA:289,0
DA:290,0
LF:290
LH:0
BRDA:1,0,0,0
BRF:1
BRH:0
end_of_record
TN:
SF:packages/ui/src/components/ApiList.svelte
FN:1,(empty-report)
FNF:1
FNH:0
FNDA:0,(empty-report)
DA:1,0
DA:2,0
DA:3,0
DA:4,0
DA:5,0
DA:6,0
DA:7,0
DA:8,0
DA:9,0
DA:10,0
DA:11,0
DA:12,0
DA:13,0
DA:14,0
DA:15,0
DA:16,0
DA:17,0
DA:18,0
DA:19,0
DA:20,0
DA:21,0
DA:22,0
DA:23,0
DA:24,0
DA:25,0
DA:26,0
DA:27,0
DA:28,0
DA:29,0
DA:30,0
DA:31,0
DA:32,0
DA:33,0
DA:34,0
DA:35,0
DA:36,0
DA:37,0
DA:38,0
DA:39,0
DA:40,0
DA:41,0
DA:42,0
DA:43,0
DA:44,0
DA:45,0
DA:46,0
DA:47,0
DA:48,0
DA:49,0
DA:50,0
DA:51,0
DA:52,0
DA:53,0
DA:54,0
DA:55,0
DA:56,0
DA:57,0
DA:58,0
DA:59,0
DA:60,0
DA:61,0
DA:62,0
DA:63,0
DA:64,0
DA:65,0
DA:66,0
DA:67,0
DA:68,0
DA:69,0
DA:70,0
DA:71,0
DA:72,0
DA:73,0
DA:74,0
DA:75,0
DA:76,0
DA:77,0
DA:78,0
DA:79,0
DA:80,0
DA:81,0
DA:82,0
DA:83,0
DA:84,0
DA:85,0
DA:86,0
DA:87,0
DA:88,0
DA:89,0
DA:90,0
DA:91,0
DA:92,0
DA:93,0
DA:94,0
DA:95,0
DA:96,0
DA:97,0
DA:98,0
DA:99,0
DA:100,0
DA:101,0
DA:102,0
DA:103,0
DA:104,0
DA:105,0
DA:106,0
DA:107,0
DA:108,0
DA:109,0
DA:110,0
DA:111,0
DA:112,0
DA:113,0
DA:114,0
DA:115,0
DA:116,0
DA:117,0
DA:118,0
DA:119,0
DA:120,0
DA:121,0
DA:122,0
DA:123,0
DA:124,0
DA:125,0
DA:126,0
DA:127,0
DA:128,0
DA:129,0
DA:130,0
DA:131,0
DA:132,0
DA:133,0
DA:134,0
DA:135,0
DA:136,0
DA:137,0
DA:138,0
DA:139,0
DA:140,0
DA:141,0
DA:142,0
DA:143,0
DA:144,0
DA:145,0
DA:146,0
DA:147,0
DA:148,0
DA:149,0
DA:150,0
DA:151,0
DA:152,0
DA:153,0
DA:154,0
DA:155,0
DA:156,0
DA:157,0
DA:158,0
DA:159,0
DA:160,0
DA:161,0
DA:162,0
DA:163,0
DA:164,0
DA:165,0
DA:166,0
DA:167,0
DA:168,0
DA:169,0
DA:170,0
DA:171,0
DA:172,0
DA:173,0
DA:174,0
DA:175,0
DA:176,0
DA:177,0
DA:178,0
DA:179,0
DA:180,0
DA:181,0
DA:182,0
DA:183,0
DA:184,0
DA:185,0
DA:186,0
DA:187,0
DA:188,0
DA:189,0
DA:190,0
DA:191,0
DA:192,0
DA:193,0
DA:194,0
DA:195,0
DA:196,0
DA:197,0
DA:198,0
DA:199,0
DA:200,0
DA:201,0
DA:202,0
DA:203,0
DA:204,0
DA:205,0
DA:206,0
DA:207,0
DA:208,0
DA:209,0
DA:210,0
DA:211,0
DA:212,0
DA:213,0
DA:214,0
DA:215,0
DA:216,0
DA:217,0
DA:218,0
DA:219,0
DA:220,0
DA:221,0
DA:222,0
DA:223,0
DA:224,0
DA:225,0
DA:226,0
DA:227,0
DA:228,0
DA:229,0
DA:230,0
DA:231,0
DA:232,0
DA:233,0
DA:234,0
DA:235,0
DA:236,0
DA:237,0
DA:238,0
DA:239,0
DA:240,0
DA:241,0
DA:242,0
DA:243,0
DA:244,0
DA:245,0
DA:246,0
DA:247,0
DA:248,0
DA:249,0
DA:250,0
DA:251,0
DA:252,0
DA:253,0
DA:254,0
DA:255,0
DA:256,0
DA:257,0
DA:258,0
DA:259,0
DA:260,0
DA:261,0
DA:262,0
LF:262
LH:0
BRDA:1,0,0,0
BRF:1
BRH:0
end_of_record
TN:
SF:packages/ui/src/components/BatchPanel.svelte
FN:1,(empty-report)
FNF:1
FNH:0
FNDA:0,(empty-report)
DA:1,0
DA:2,0
DA:3,0
DA:4,0
DA:5,0
DA:6,0
DA:7,0
DA:8,0
DA:9,0
DA:10,0
DA:11,0
DA:12,0
DA:13,0
DA:14,0
DA:15,0
DA:16,0
DA:17,0
DA:18,0
DA:19,0
DA:20,0
DA:21,0
DA:22,0
DA:23,0
DA:24,0
DA:25,0
DA:26,0
DA:27,0
DA:28,0
DA:29,0
DA:30,0
DA:31,0
DA:32,0
DA:33,0
DA:34,0
DA:35,0
DA:36,0
DA:37,0
DA:38,0
DA:39,0
DA:40,0
DA:41,0
DA:42,0
DA:43,0
DA:44,0
DA:45,0
DA:46,0
DA:47,0
DA:48,0
DA:49,0
DA:50,0
DA:51,0
DA:52,0
DA:53,0
LF:53
LH:0
BRDA:1,0,0,0
BRF:1
BRH:0
end_of_record
TN:
SF:packages/ui/src/components/FloatButton.svelte
FN:173,mouseenter_handler
FN:174,mouseleave_handler
FNF:2
FNH:1
FNDA:7,mouseenter_handler
FNDA:0,mouseleave_handler
DA:1,1
DA:2,1
DA:3,1
DA:4,1
DA:5,1
DA:6,1
DA:7,1
DA:8,1
DA:9,1
DA:10,1
DA:11,1
DA:12,1
DA:13,1
DA:14,1
DA:15,1
DA:16,1
DA:17,1
DA:18,1
DA:19,1
DA:20,1
DA:21,1
DA:22,1
DA:23,1
DA:24,1
DA:25,1
DA:26,1
DA:27,1
DA:28,1
DA:29,1
DA:30,1
DA:31,1
DA:32,1
DA:33,1
DA:34,1
DA:35,1
DA:36,1
DA:37,1
DA:38,1
DA:39,1
DA:40,1
DA:41,1
DA:42,1
DA:43,1
DA:44,1
DA:45,1
DA:46,1
DA:47,1
DA:48,1
DA:49,1
DA:50,1
DA:51,1
DA:52,1
DA:53,1
DA:54,1
DA:55,1
DA:56,1
DA:57,1
DA:58,1
DA:59,1
DA:60,1
DA:61,1
DA:62,1
DA:63,1
DA:64,1
DA:65,1
DA:66,1
DA:67,1
DA:68,1
DA:69,1
DA:70,1
DA:71,1
DA:72,1
DA:73,1
DA:74,1
DA:75,1
DA:76,1
DA:77,1
DA:78,1
DA:79,1
DA:80,1
DA:81,1
DA:82,1
DA:83,1
DA:84,1
DA:85,1
DA:86,1
DA:87,1
DA:88,1
DA:89,1
DA:90,1
DA:91,1
DA:92,1
DA:93,1
DA:94,1
DA:95,1
DA:96,1
DA:97,1
DA:98,1
DA:99,1
DA:100,1
DA:101,1
DA:102,1
DA:103,1
DA:104,1
DA:105,1
DA:106,1
DA:107,1
DA:108,1
DA:109,1
DA:110,1
DA:111,1
DA:112,1
DA:113,1
DA:114,1
DA:115,1
DA:116,1
DA:117,1
DA:118,1
DA:119,1
DA:120,1
DA:121,1
DA:122,1
DA:123,1
DA:124,1
DA:125,1
DA:126,1
DA:127,1
DA:128,1
DA:129,1
DA:130,1
DA:131,1
DA:132,1
DA:133,1
DA:134,1
DA:135,1
DA:136,1
DA:137,1
DA:138,1
DA:139,1
DA:140,1
DA:141,1
DA:142,1
DA:143,1
DA:144,1
DA:145,1
DA:146,1
DA:147,1
DA:148,1
DA:149,1
DA:150,1
DA:151,1
DA:152,1
DA:153,1
DA:154,1
DA:155,1
DA:156,1
DA:157,1
DA:158,1
DA:159,1
DA:160,1
DA:161,1
DA:162,1
DA:163,1
DA:164,1
DA:165,1
DA:166,1
DA:167,1
DA:168,1
DA:169,1
DA:170,1
DA:171,1
DA:172,1
DA:173,1
DA:174,1
DA:175,1
DA:176,1
DA:177,1
DA:178,1
DA:179,1
DA:180,1
DA:181,1
DA:182,1
DA:183,1
DA:184,1
DA:185,1
DA:186,1
DA:187,1
DA:188,1
DA:189,1
DA:190,1
DA:191,1
DA:192,1
DA:193,1
DA:194,1
DA:195,1
DA:196,1
DA:197,1
DA:198,1
DA:199,1
DA:200,1
DA:201,1
DA:202,1
DA:203,1
DA:204,1
DA:205,1
DA:206,1
DA:207,1
DA:208,1
DA:209,1
DA:210,1
DA:211,1
DA:212,1
DA:213,1
DA:214,1
DA:215,1
DA:216,1
DA:217,1
DA:218,1
DA:219,1
DA:220,1
DA:221,1
DA:222,1
DA:223,1
DA:224,1
DA:225,1
DA:226,1
DA:227,1
DA:228,1
DA:229,1
DA:230,1
DA:231,1
DA:232,1
DA:233,1
DA:234,1
DA:235,1
DA:236,1
DA:237,1
DA:238,1
DA:239,1
DA:240,1
DA:241,1
DA:242,1
DA:243,1
DA:244,1
DA:245,1
DA:246,1
DA:247,1
DA:248,1
DA:249,1
DA:250,1
DA:251,1
DA:252,1
DA:253,1
DA:254,1
DA:255,1
DA:256,1
DA:257,1
DA:258,1
DA:259,1
DA:260,1
DA:261,1
DA:262,1
DA:263,1
DA:264,1
DA:265,1
DA:266,1
DA:267,1
DA:268,1
LF:268
LH:268
BRDA:1,0,0,1
BRDA:1,1,0,1
BRDA:183,2,0,3
BRDA:251,3,0,14
BRDA:220,4,0,3
BRDA:220,5,0,3
BRDA:227,6,0,3
BRDA:227,7,0,3
BRDA:181,8,0,11
BRDA:207,9,0,11
BRDA:169,10,0,11
BRDA:170,11,0,11
BRDA:170,12,0,11
BRDA:171,13,0,11
BRDA:171,14,0,11
BRDA:196,15,0,3
BRDA:169,16,0,7
BRDA:170,17,0,7
BRDA:170,18,0,3
BRDA:171,19,0,7
BRDA:171,20,0,3
BRDA:25,21,0,17
BRDA:25,22,0,14
BRDA:26,23,0,6
BRDA:79,24,0,0
BRDA:89,25,0,0
BRDA:96,26,0,4
BRDA:100,27,0,3
BRDA:100,28,0,1
BRDA:107,29,0,1
BRDA:114,30,0,7
BRDA:120,31,0,3
BRDA:173,32,0,7
BRDA:141,33,0,17
BRDA:142,34,0,14
BRDA:142,35,0,8
BRDA:142,36,0,6
BRF:37
BRH:35
end_of_record
TN:
SF:packages/ui/src/components/Modal.svelte
FN:1,(empty-report)
FNF:1
FNH:0
FNDA:0,(empty-report)
DA:1,0
DA:2,0
DA:3,0
DA:4,0
DA:5,0
DA:6,0
DA:7,0
DA:8,0
DA:9,0
DA:10,0
DA:11,0
DA:12,0
DA:13,0
DA:14,0
DA:15,0
DA:16,0
DA:17,0
DA:18,0
DA:19,0
DA:20,0
DA:21,0
DA:22,0
DA:23,0
DA:24,0
DA:25,0
DA:26,0
DA:27,0
DA:28,0
DA:29,0
DA:30,0
DA:31,0
DA:32,0
DA:33,0
DA:34,0
DA:35,0
DA:36,0
DA:37,0
DA:38,0
DA:39,0
DA:40,0
DA:41,0
DA:42,0
DA:43,0
DA:44,0
DA:45,0
DA:46,0
DA:47,0
DA:48,0
DA:49,0
DA:50,0
DA:51,0
DA:52,0
DA:53,0
DA:54,0
DA:55,0
DA:56,0
DA:57,0
DA:58,0
DA:59,0
DA:60,0
DA:61,0
DA:62,0
DA:63,0
DA:64,0
DA:65,0
DA:66,0
DA:67,0
DA:68,0
DA:69,0
DA:70,0
DA:71,0
DA:72,0
DA:73,0
DA:74,0
DA:75,0
DA:76,0
DA:77,0
DA:78,0
DA:79,0
DA:80,0
DA:81,0
DA:82,0
DA:83,0
DA:84,0
DA:85,0
DA:86,0
DA:87,0
DA:88,0
DA:89,0
DA:90,0
DA:91,0
DA:92,0
DA:93,0
DA:94,0
DA:95,0
DA:96,0
DA:97,0
DA:98,0
DA:99,0
DA:100,0
DA:101,0
DA:102,0
DA:103,0
DA:104,0
DA:105,0
DA:106,0
DA:107,0
DA:108,0
DA:109,0
DA:110,0
DA:111,0
DA:112,0
DA:113,0
DA:114,0
DA:115,0
DA:116,0
DA:117,0
DA:118,0
DA:119,0
DA:120,0
DA:121,0
DA:122,0
DA:123,0
DA:124,0
DA:125,0
DA:126,0
DA:127,0
DA:128,0
DA:129,0
DA:130,0
DA:131,0
DA:132,0
DA:133,0
DA:134,0
DA:135,0
DA:136,0
DA:137,0
DA:138,0
DA:139,0
DA:140,0
DA:141,0
DA:142,0
DA:143,0
DA:144,0
DA:145,0
DA:146,0
DA:147,0
DA:148,0
DA:149,0
DA:150,0
DA:151,0
DA:152,0
DA:153,0
DA:154,0
DA:155,0
DA:156,0
DA:157,0
DA:158,0
DA:159,0
DA:160,0
DA:161,0
DA:162,0
LF:162
LH:0
BRDA:1,0,0,0
BRF:1
BRH:0
end_of_record
TN:
SF:packages/ui/src/components/RuleEditor.svelte
FN:1,(empty-report)
FNF:1
FNH:0
FNDA:0,(empty-report)
DA:1,0
DA:2,0
DA:3,0
DA:4,0
DA:5,0
DA:6,0
DA:7,0
DA:8,0
DA:9,0
DA:10,0
DA:11,0
DA:12,0
DA:13,0
DA:14,0
DA:15,0
DA:16,0
DA:17,0
DA:18,0
DA:19,0
DA:20,0
DA:21,0
DA:22,0
DA:23,0
DA:24,0
DA:25,0
DA:26,0
DA:27,0
DA:28,0
DA:29,0
DA:30,0
DA:31,0
DA:32,0
DA:33,0
DA:34,0
DA:35,0
DA:36,0
DA:37,0
DA:38,0
DA:39,0
DA:40,0
DA:41,0
DA:42,0
DA:43,0
DA:44,0
DA:45,0
DA:46,0
DA:47,0
DA:48,0
DA:49,0
DA:50,0
DA:51,0
DA:52,0
DA:53,0
DA:54,0
DA:55,0
DA:56,0
DA:57,0
DA:58,0
DA:59,0
DA:60,0
DA:61,0
DA:62,0
DA:63,0
DA:64,0
DA:65,0
DA:66,0
DA:67,0
DA:68,0
DA:69,0
DA:70,0
DA:71,0
DA:72,0
DA:73,0
DA:74,0
DA:75,0
DA:76,0
DA:77,0
DA:78,0
DA:79,0
DA:80,0
DA:81,0
DA:82,0
DA:83,0
DA:84,0
DA:85,0
DA:86,0
DA:87,0
DA:88,0
DA:89,0
DA:90,0
DA:91,0
DA:92,0
DA:93,0
DA:94,0
DA:95,0
DA:96,0
DA:97,0
DA:98,0
DA:99,0
DA:100,0
DA:101,0
DA:102,0
DA:103,0
DA:104,0
DA:105,0
DA:106,0
DA:107,0
DA:108,0
DA:109,0
DA:110,0
DA:111,0
DA:112,0
DA:113,0
DA:114,0
DA:115,0
DA:116,0
DA:117,0
DA:118,0
DA:119,0
DA:120,0
DA:121,0
DA:122,0
DA:123,0
DA:124,0
DA:125,0
DA:126,0
DA:127,0
DA:128,0
DA:129,0
DA:130,0
DA:131,0
DA:132,0
DA:133,0
DA:134,0
DA:135,0
DA:136,0
DA:137,0
DA:138,0
DA:139,0
DA:140,0
DA:141,0
DA:142,0
DA:143,0
DA:144,0
DA:145,0
DA:146,0
DA:147,0
DA:148,0
DA:149,0
DA:150,0
DA:151,0
DA:152,0
DA:153,0
DA:154,0
DA:155,0
DA:156,0
DA:157,0
DA:158,0
DA:159,0
DA:160,0
DA:161,0
DA:162,0
DA:163,0
DA:164,0
DA:165,0
DA:166,0
DA:167,0
DA:168,0
DA:169,0
DA:170,0
DA:171,0
DA:172,0
DA:173,0
DA:174,0
DA:175,0
DA:176,0
DA:177,0
DA:178,0
DA:179,0
DA:180,0
DA:181,0
DA:182,0
DA:183,0
DA:184,0
DA:185,0
DA:186,0
DA:187,0
DA:188,0
DA:189,0
DA:190,0
DA:191,0
DA:192,0
DA:193,0
DA:194,0
DA:195,0
DA:196,0
DA:197,0
DA:198,0
DA:199,0
DA:200,0
DA:201,0
DA:202,0
DA:203,0
DA:204,0
DA:205,0
DA:206,0
DA:207,0
DA:208,0
DA:209,0
DA:210,0
DA:211,0
DA:212,0
DA:213,0
DA:214,0
DA:215,0
DA:216,0
DA:217,0
DA:218,0
DA:219,0
DA:220,0
DA:221,0
DA:222,0
DA:223,0
DA:224,0
DA:225,0
DA:226,0
DA:227,0
DA:228,0
DA:229,0
DA:230,0
DA:231,0
DA:232,0
DA:233,0
DA:234,0
DA:235,0
DA:236,0
DA:237,0
DA:238,0
DA:239,0
DA:240,0
DA:241,0
DA:242,0
DA:243,0
DA:244,0
DA:245,0
DA:246,0
DA:247,0
DA:248,0
DA:249,0
DA:250,0
DA:251,0
DA:252,0
DA:253,0
DA:254,0
DA:255,0
DA:256,0
DA:257,0
DA:258,0
DA:259,0
DA:260,0
DA:261,0
DA:262,0
DA:263,0
DA:264,0
DA:265,0
DA:266,0
DA:267,0
DA:268,0
DA:269,0
DA:270,0
DA:271,0
DA:272,0
DA:273,0
DA:274,0
DA:275,0
DA:276,0
DA:277,0
DA:278,0
DA:279,0
DA:280,0
DA:281,0
DA:282,0
DA:283,0
DA:284,0
DA:285,0
DA:286,0
DA:287,0
DA:288,0
DA:289,0
DA:290,0
DA:291,0
DA:292,0
DA:293,0
DA:294,0
DA:295,0
DA:296,0
DA:297,0
DA:298,0
DA:299,0
DA:300,0
DA:301,0
DA:302,0
DA:303,0
DA:304,0
DA:305,0
DA:306,0
DA:307,0
DA:308,0
DA:309,0
DA:310,0
DA:311,0
DA:312,0
DA:313,0
DA:314,0
DA:315,0
DA:316,0
DA:317,0
DA:318,0
DA:319,0
DA:320,0
DA:321,0
DA:322,0
DA:323,0
DA:324,0
DA:325,0
DA:326,0
DA:327,0
DA:328,0
DA:329,0
DA:330,0
DA:331,0
DA:332,0
DA:333,0
DA:334,0
DA:335,0
DA:336,0
DA:337,0
DA:338,0
DA:339,0
DA:340,0
DA:341,0
DA:342,0
DA:343,0
DA:344,0
DA:345,0
DA:346,0
DA:347,0
DA:348,0
DA:349,0
DA:350,0
DA:351,0
DA:352,0
DA:353,0
DA:354,0
DA:355,0
DA:356,0
DA:357,0
DA:358,0
DA:359,0
DA:360,0
DA:361,0
DA:362,0
DA:363,0
DA:364,0
DA:365,0
DA:366,0
DA:367,0
DA:368,0
DA:369,0
DA:370,0
DA:371,0
DA:372,0
DA:373,0
DA:374,0
DA:375,0
DA:376,0
DA:377,0
DA:378,0
DA:379,0
DA:380,0
DA:381,0
DA:382,0
DA:383,0
DA:384,0
DA:385,0
DA:386,0
DA:387,0
DA:388,0
DA:389,0
DA:390,0
DA:391,0
DA:392,0
DA:393,0
DA:394,0
DA:395,0
DA:396,0
DA:397,0
DA:398,0
DA:399,0
DA:400,0
DA:401,0
DA:402,0
DA:403,0
DA:404,0
DA:405,0
DA:406,0
DA:407,0
DA:408,0
DA:409,0
DA:410,0
DA:411,0
DA:412,0
DA:413,0
DA:414,0
DA:415,0
DA:416,0
DA:417,0
DA:418,0
DA:419,0
DA:420,0
DA:421,0
DA:422,0
DA:423,0
DA:424,0
DA:425,0
DA:426,0
DA:427,0
DA:428,0
DA:429,0
DA:430,0
DA:431,0
DA:432,0
DA:433,0
DA:434,0
DA:435,0
DA:436,0
DA:437,0
DA:438,0
DA:439,0
DA:440,0
DA:441,0
DA:442,0
DA:443,0
DA:444,0
DA:445,0
DA:446,0
DA:447,0
DA:448,0
DA:449,0
DA:450,0
DA:451,0
DA:452,0
DA:453,0
DA:454,0
DA:455,0
DA:456,0
DA:457,0
DA:458,0
DA:459,0
DA:460,0
DA:461,0
DA:462,0
DA:463,0
DA:464,0
DA:465,0
DA:466,0
DA:467,0
DA:468,0
DA:469,0
DA:470,0
DA:471,0
DA:472,0
DA:473,0
DA:474,0
DA:475,0
DA:476,0
DA:477,0
DA:478,0
DA:479,0
DA:480,0
DA:481,0
DA:482,0
DA:483,0
DA:484,0
DA:485,0
DA:486,0
DA:487,0
DA:488,0
DA:489,0
DA:490,0
DA:491,0
DA:492,0
DA:493,0
DA:494,0
DA:495,0
DA:496,0
DA:497,0
DA:498,0
DA:499,0
DA:500,0
DA:501,0
DA:502,0
DA:503,0
DA:504,0
DA:505,0
DA:506,0
DA:507,0
DA:508,0
LF:508
LH:0
BRDA:1,0,0,0
BRF:1
BRH:0
end_of_record
TN:
SF:packages/ui/src/components/Toast.svelte
FN:1,(empty-report)
FNF:1
FNH:0
FNDA:0,(empty-report)
DA:1,0
DA:2,0
DA:3,0
DA:4,0
DA:5,0
DA:6,0
DA:7,0
DA:8,0
DA:9,0
DA:10,0
DA:11,0
DA:12,0
DA:13,0
DA:14,0
DA:15,0
DA:16,0
DA:17,0
DA:18,0
DA:19,0
DA:20,0
DA:21,0
DA:22,0
DA:23,0
DA:24,0
DA:25,0
DA:26,0
DA:27,0
DA:28,0
DA:29,0
DA:30,0
DA:31,0
DA:32,0
DA:33,0
DA:34,0
DA:35,0
DA:36,0
DA:37,0
DA:38,0
DA:39,0
DA:40,0
DA:41,0
DA:42,0
DA:43,0
DA:44,0
DA:45,0
DA:46,0
DA:47,0
DA:48,0
DA:49,0
DA:50,0
DA:51,0
DA:52,0
DA:53,0
DA:54,0
DA:55,0
DA:56,0
DA:57,0
DA:58,0
DA:59,0
DA:60,0
DA:61,0
DA:62,0
DA:63,0
DA:64,0
DA:65,0
DA:66,0
DA:67,0
DA:68,0
DA:69,0
DA:70,0
DA:71,0
DA:72,0
DA:73,0
DA:74,0
DA:75,0
DA:76,0
DA:77,0
DA:78,0
DA:79,0
DA:80,0
DA:81,0
DA:82,0
DA:83,0
DA:84,0
DA:85,0
DA:86,0
DA:87,0
DA:88,0
DA:89,0
DA:90,0
DA:91,0
DA:92,0
DA:93,0
DA:94,0
DA:95,0
DA:96,0
DA:97,0
DA:98,0
DA:99,0
DA:100,0
DA:101,0
DA:102,0
DA:103,0
DA:104,0
DA:105,0
DA:106,0
DA:107,0
DA:108,0
DA:109,0
DA:110,0
DA:111,0
DA:112,0
LF:112
LH:0
BRDA:1,0,0,0
BRF:1
BRH:0
end_of_record
TN:
SF:packages/ui/src/components/modal/Footer.svelte
FN:45,click_handler
FN:54,click_handler_1
FN:61,click_handler_2
FNF:3
FNH:2
FNDA:1,click_handler
FNDA:0,click_handler_1
FNDA:1,click_handler_2
DA:1,1
DA:2,1
DA:3,1
DA:4,1
DA:5,1
DA:6,1
DA:7,1
DA:8,1
DA:9,1
DA:10,1
DA:11,1
DA:12,1
DA:13,1
DA:14,1
DA:15,1
DA:16,1
DA:17,1
DA:18,1
DA:19,1
DA:20,1
DA:21,1
DA:22,1
DA:23,1
DA:24,1
DA:25,1
DA:26,1
DA:27,1
DA:28,1
DA:29,1
DA:30,1
DA:31,1
DA:32,1
DA:33,1
DA:34,1
DA:35,1
DA:36,1
DA:37,1
DA:38,1
DA:39,1
DA:40,1
DA:41,1
DA:42,1
DA:43,1
DA:44,1
DA:45,1
DA:46,1
DA:47,1
DA:48,1
DA:49,1
DA:50,1
DA:51,1
DA:52,1
DA:53,1
DA:54,1
DA:55,1
DA:56,1
DA:57,1
DA:58,1
DA:59,1
DA:60,1
DA:61,1
DA:62,1
DA:63,1
DA:64,1
DA:65,1
DA:66,1
DA:67,1
DA:68,1
LF:68
LH:68
BRDA:18,0,0,3
BRDA:51,1,0,3
BRDA:11,2,0,10
BRDA:45,3,0,1
BRDA:61,4,0,1
BRF:5
BRH:5
end_of_record
TN:
SF:packages/ui/src/components/modal/Header.svelte
FN:62,click_handler
FN:73,click_handler_1
FNF:2
FNH:2
FNDA:1,click_handler
FNDA:1,click_handler_1
DA:1,1
DA:2,1
DA:3,1
DA:4,1
DA:5,1
DA:6,1
DA:7,1
DA:8,1
DA:9,1
DA:10,1
DA:11,1
DA:12,1
DA:13,1
DA:14,1
DA:15,1
DA:16,1
DA:17,1
DA:18,1
DA:19,1
DA:20,1
DA:21,1
DA:22,1
DA:23,1
DA:24,1
DA:25,1
DA:26,1
DA:27,1
DA:28,1
DA:29,1
DA:30,1
DA:31,1
DA:32,1
DA:33,1
DA:34,1
DA:35,1
DA:36,1
DA:37,1
DA:38,8
DA:39,8
DA:40,8
DA:41,8
DA:42,8
DA:43,8
DA:44,8
DA:45,8
DA:46,1
DA:47,1
DA:48,1
DA:49,1
DA:50,1
DA:51,1
DA:52,1
DA:53,1
DA:54,1
DA:55,1
DA:56,1
DA:57,1
DA:58,1
DA:59,1
DA:60,1
DA:61,1
DA:62,1
DA:63,1
DA:64,1
DA:65,1
DA:66,1
DA:67,1
DA:68,1
DA:69,1
DA:70,1
DA:71,1
DA:72,1
DA:73,1
DA:74,1
DA:75,1
DA:76,1
DA:77,1
DA:78,1
DA:79,1
DA:80,1
LF:80
LH:80
BRDA:37,0,0,2
BRDA:37,1,0,8
BRDA:45,2,0,5
BRDA:23,3,0,1
BRDA:62,4,0,1
BRDA:73,5,0,1
BRF:6
BRH:6
end_of_record
TN:
SF:packages/ui/src/components/rule-editor/RuleEditor.svelte
FNF:0
FNH:0
DA:1,1
DA:2,1
DA:3,1
DA:4,1
DA:5,1
DA:6,1
DA:7,1
DA:8,1
DA:9,1
DA:10,1
DA:11,1
DA:12,1
DA:13,1
DA:14,1
DA:15,1
DA:16,1
DA:17,1
DA:18,1
DA:19,1
DA:20,1
DA:21,1
DA:22,1
DA:23,1
DA:24,1
DA:25,1
DA:26,1
DA:27,1
DA:28,1
DA:29,1
DA:30,1
DA:31,1
DA:32,1
DA:33,1
DA:34,1
DA:35,1
DA:36,1
DA:37,7
DA:38,7
DA:39,7
DA:40,7
DA:41,7
DA:42,2
DA:43,2
DA:44,2
DA:45,2
DA:46,2
DA:47,1
DA:48,1
DA:49,1
DA:50,1
DA:51,1
DA:52,1
DA:53,1
DA:54,1
DA:55,1
DA:56,1
DA:57,1
DA:58,1
DA:59,1
LF:59
LH:59
BRDA:36,0,0,17
BRDA:36,1,0,7
BRDA:41,2,0,5
BRDA:41,3,0,2
BRDA:27,4,0,4
BRDA:35,5,0,24
BRF:6
BRH:6
end_of_record
TN:
SF:packages/ui/src/components/rule-editor/controls/BatchControlBar.svelte
FNF:0
FNH:0
DA:1,1
DA:2,1
DA:3,1
DA:4,1
DA:5,1
DA:6,1
DA:7,1
DA:8,1
DA:9,1
DA:10,1
DA:11,1
DA:12,1
DA:13,1
DA:14,1
DA:15,1
DA:16,1
DA:17,1
DA:18,1
DA:19,1
DA:20,1
DA:21,1
DA:22,1
DA:23,1
DA:24,1
DA:25,1
DA:26,1
DA:27,1
DA:28,1
DA:29,1
DA:30,1
DA:31,1
DA:32,1
DA:33,1
DA:34,1
DA:35,1
DA:36,1
DA:37,1
DA:38,1
DA:39,1
DA:40,1
DA:41,1
DA:42,1
DA:43,1
DA:44,1
DA:45,1
DA:46,1
DA:47,1
DA:48,1
DA:49,1
DA:50,1
DA:51,1
DA:52,1
DA:53,1
DA:54,1
DA:55,1
DA:56,1
DA:57,1
DA:58,1
DA:59,1
DA:60,1
DA:61,1
DA:62,1
DA:63,1
DA:64,1
DA:65,1
DA:66,1
DA:67,1
DA:68,1
LF:68
LH:68
BRDA:50,0,0,32
BRDA:50,1,0,1
BRDA:36,2,0,1
BRDA:36,3,0,1
BRDA:50,4,0,3
BRDA:50,5,0,0
BRDA:9,6,0,0
BRF:7
BRH:5
end_of_record
TN:
SF:packages/ui/src/components/rule-editor/controls/RuleControlBar.svelte
FN:41,click_handler
FN:47,click_handler_1
FN:53,click_handler_2
FNF:3
FNH:2
FNDA:0,click_handler
FNDA:1,click_handler_1
FNDA:1,click_handler_2
DA:1,1
DA:2,1
DA:3,1
DA:4,1
DA:5,1
DA:6,1
DA:7,1
DA:8,1
DA:9,1
DA:10,1
DA:11,1
DA:12,1
DA:13,1
DA:14,1
DA:15,1
DA:16,1
DA:17,1
DA:18,1
DA:19,1
DA:20,1
DA:21,1
DA:22,1
DA:23,1
DA:24,1
DA:25,1
DA:26,1
DA:27,1
DA:28,1
DA:29,1
DA:30,1
DA:31,1
DA:32,1
DA:33,1
DA:34,1
DA:35,1
DA:36,1
DA:37,1
DA:38,1
DA:39,1
DA:40,1
DA:41,1
DA:42,1
DA:43,1
DA:44,1
DA:45,1
DA:46,1
DA:47,1
DA:48,1
DA:49,1
DA:50,1
DA:51,1
DA:52,1
DA:53,1
DA:54,1
DA:55,1
DA:56,1
DA:57,1
DA:58,1
DA:59,1
DA:60,1
DA:61,1
DA:62,1
DA:63,1
DA:64,1
DA:65,1
DA:66,1
DA:67,1
DA:68,1
DA:69,1
DA:70,1
DA:71,1
DA:72,1
DA:73,1
DA:74,1
DA:75,1
DA:76,1
DA:77,1
DA:78,1
DA:79,1
DA:80,1
DA:81,1
DA:82,1
DA:83,1
DA:84,1
DA:85,1
DA:86,1
DA:87,1
DA:88,1
DA:89,1
DA:90,1
DA:91,1
DA:92,1
DA:93,1
DA:94,1
DA:95,1
DA:96,1
LF:96
LH:96
BRDA:40,0,0,0
BRDA:46,1,0,0
BRDA:52,2,0,0
BRDA:87,3,0,32
BRDA:87,4,0,3
BRDA:91,5,0,32
BRDA:91,6,0,32
BRDA:91,7,0,3
BRDA:66,8,0,32
BRDA:66,9,0,3
BRDA:40,10,0,9
BRDA:40,11,0,1
BRDA:40,12,0,8
BRDA:46,13,0,9
BRDA:46,14,0,5
BRDA:46,15,0,4
BRDA:52,16,0,9
BRDA:52,17,0,3
BRDA:52,18,0,6
BRDA:66,19,0,4
BRDA:66,20,0,0
BRDA:66,21,0,0
BRDA:87,22,0,4
BRDA:87,23,0,2
BRDA:91,24,0,4
BRDA:91,25,0,2
BRDA:91,26,0,2
BRDA:47,27,0,1
BRDA:53,28,0,1
BRF:29
BRH:24
end_of_record
TN:
SF:packages/ui/src/stores/config.ts
FN:29,createToastStore
FN:36,add
FN:51,dismiss
FN:54,clear
FNF:4
FNH:1
FNDA:1,createToastStore
FNDA:0,add
FNDA:0,dismiss
FNDA:0,clear
DA:1,1
DA:2,1
DA:3,1
DA:4,1
DA:5,1
DA:6,1
DA:7,1
DA:8,1
DA:9,1
DA:10,1
DA:11,1
DA:12,1
DA:13,1
DA:14,1
DA:15,1
DA:16,1
DA:17,1
DA:18,1
DA:19,1
DA:20,1
DA:21,1
DA:22,1
DA:23,1
DA:24,1
DA:25,1
DA:26,1
DA:27,1
DA:28,1
DA:29,1
DA:30,1
DA:31,1
DA:32,1
DA:33,1
DA:34,1
DA:35,1
DA:36,1
DA:37,0
DA:38,0
DA:39,0
DA:40,0
DA:41,0
DA:42,0
DA:43,0
DA:44,0
DA:45,0
DA:46,0
DA:47,0
DA:48,0
DA:49,0
DA:50,0
DA:51,1
DA:52,0
DA:53,0
DA:54,1
DA:55,0
DA:56,0
DA:57,1
DA:58,1
DA:59,1
DA:60,1
LF:60
LH:42
BRDA:29,0,0,1
BRF:1
BRH:1
end_of_record
TN:
SF:packages/ui/src/stores/ruleEditor.ts
FN:43,initEditor
FN:59,updateDraft
FN:67,markFieldDirty
FN:76,resetEditor
FN:88,setActiveTab
FNF:5
FNH:5
FNDA:83,initEditor
FNDA:15,updateDraft
FNDA:8,markFieldDirty
FNDA:88,resetEditor
FNDA:11,setActiveTab
DA:1,1
DA:2,1
DA:3,1
DA:4,1
DA:5,1
DA:6,1
DA:7,1
DA:8,1
DA:9,1
DA:10,1
DA:11,1
DA:12,1
DA:13,1
DA:14,1
DA:15,1
DA:16,1
DA:17,1
DA:18,1
DA:19,1
DA:20,1
DA:21,1
DA:22,1
DA:23,1
DA:24,1
DA:25,1
DA:26,1
DA:27,1
DA:28,1
DA:29,1
DA:30,18
DA:31,16
DA:32,16
DA:33,18
DA:34,5
DA:35,5
DA:36,11
DA:37,11
DA:38,11
DA:39,18
DA:40,1
DA:41,1
DA:42,1
DA:43,1
DA:44,83
DA:45,83
DA:46,83
DA:47,83
DA:48,83
DA:49,83
DA:50,83
DA:51,83
DA:52,83
DA:53,83
DA:54,83
DA:55,83
DA:56,83
DA:57,1
DA:58,1
DA:59,1
DA:60,15
DA:61,15
DA:62,14
DA:63,15
DA:64,15
DA:65,1
DA:66,1
DA:67,1
DA:68,8
DA:69,8
DA:70,8
DA:71,8
DA:72,8
DA:73,8
DA:74,1
DA:75,1
DA:76,1
DA:77,88
DA:78,88
DA:79,88
DA:80,88
DA:81,88
DA:82,88
DA:83,88
DA:84,88
DA:85,88
DA:86,1
DA:87,1
DA:88,1
DA:89,11
DA:90,11
LF:90
LH:90
BRDA:29,0,0,18
BRDA:30,1,0,2
BRDA:30,2,0,16
BRDA:33,3,0,5
BRDA:35,4,0,11
BRDA:43,5,0,83
BRDA:50,6,0,83
BRDA:59,7,0,15
BRDA:60,8,0,15
BRDA:61,9,0,1
BRDA:61,10,0,14
BRDA:67,11,0,8
BRDA:68,12,0,8
BRDA:76,13,0,88
BRDA:88,14,0,11
BRDA:89,15,0,11
BRF:16
BRH:16
end_of_record
TN:
SF:packages/ui/src/stores/rules.ts
FN:77,compareValues
FN:119,getRuleForApi
FN:129,createDefaultRule
FNF:3
FNH:0
FNDA:0,compareValues
FNDA:0,getRuleForApi
FNDA:0,createDefaultRule
DA:1,1
DA:2,1
DA:3,1
DA:4,1
DA:5,1
DA:6,1
DA:7,1
DA:8,1
DA:9,1
DA:10,1
DA:11,1
DA:12,1
DA:13,1
DA:14,1
DA:15,1
DA:16,1
DA:17,1
DA:18,1
DA:19,1
DA:20,1
DA:21,1
DA:22,28
DA:23,28
DA:24,13
DA:25,13
DA:26,13
DA:27,13
DA:28,28
DA:29,28
DA:30,1
DA:31,1
DA:32,1
DA:33,1
DA:34,1
DA:35,0
DA:36,0
DA:37,0
DA:38,0
DA:39,0
DA:40,0
DA:41,0
DA:42,0
DA:43,0
DA:44,0
DA:45,0
DA:46,0
DA:47,1
DA:48,1
DA:49,1
DA:50,1
DA:51,1
DA:52,1
DA:53,0
DA:54,0
DA:55,0
DA:56,0
DA:57,0
DA:58,0
DA:59,0
DA:60,0
DA:61,1
DA:62,1
DA:63,1
DA:64,1
DA:65,1
DA:66,1
DA:67,1
DA:68,1
DA:69,1
DA:70,1
DA:71,1
DA:72,1
DA:73,1
DA:74,1
DA:75,1
DA:76,1
DA:77,0
DA:78,0
DA:79,0
DA:80,0
DA:81,0
DA:82,0
DA:83,1
DA:84,1
DA:85,1
DA:86,1
DA:87,1
DA:88,0
DA:89,0
DA:90,0
DA:91,0
DA:92,0
DA:93,0
DA:94,0
DA:95,0
DA:96,0
DA:97,0
DA:98,0
DA:99,0
DA:100,0
DA:101,0
DA:102,0
DA:103,0
DA:104,0
DA:105,0
DA:106,0
DA:107,0
DA:108,0
DA:109,0
DA:110,0
DA:111,0
DA:112,0
DA:113,0
DA:114,0
DA:115,0
DA:116,1
DA:117,1
DA:118,1
DA:119,1
DA:120,0
DA:121,0
DA:122,0
DA:123,0
DA:124,0
DA:125,0
DA:126,0
DA:127,1
DA:128,1
DA:129,1
DA:130,0
DA:131,0
DA:132,0
DA:133,0
DA:134,0
DA:135,0
DA:136,0
DA:137,0
DA:138,0
DA:139,0
DA:140,0
DA:141,0
DA:142,0
DA:143,0
DA:144,0
DA:145,0
DA:146,0
DA:147,0
DA:148,0
DA:149,0
DA:150,0
DA:151,0
DA:152,0
DA:153,0
DA:154,0
DA:155,0
DA:156,0
DA:157,0
DA:158,0
DA:159,0
DA:160,0
DA:161,0
DA:162,0
DA:163,0
DA:164,0
DA:165,0
DA:166,0
DA:167,0
DA:168,0
DA:169,0
DA:170,0
DA:171,0
DA:172,0
LF:172
LH:68
BRDA:21,0,0,28
BRDA:23,1,0,13
BRF:2
BRH:2
end_of_record
