TN:
SF:packages/core/src/engine/field-omit.ts
FN:8,mulberry32
FN:21,deepClone
FN:32,collectAllPaths
FN:62,applyOmit
FN:98,omitManual
FN:108,shuffleArray
FN:120,omitRandom
FN:160,omitFields
FNF:8
FNH:8
FNDA:15,mulberry32
FNDA:23,deepClone
FNDA:24,collectAllPaths
FNDA:37,applyOmit
FNDA:7,omitManual
FNDA:16,shuffleArray
FNDA:16,omitRandom
FNDA:24,omitFields
DA:1,1
DA:2,1
DA:3,1
DA:4,1
DA:5,1
DA:6,1
DA:7,1
DA:8,15
DA:9,15
DA:10,87
DA:11,87
DA:12,87
DA:13,87
DA:14,87
DA:15,87
DA:16,15
DA:17,1
DA:18,1
DA:19,1
DA:20,1
DA:21,23
DA:22,23
DA:23,23
DA:24,23
DA:25,0
DA:26,0
DA:27,0
DA:28,1
DA:29,1
DA:30,1
DA:31,1
DA:32,24
DA:33,24
DA:34,24
DA:35,24
DA:36,24
DA:37,24
DA:38,24
DA:39,24
DA:40,24
DA:41,24
DA:42,23
DA:43,23
DA:44,1
DA:45,22
DA:46,24
DA:47,24
DA:48,77
DA:49,77
DA:50,77
DA:51,77
DA:52,8
DA:53,8
DA:54,77
DA:55,23
DA:56,23
DA:57,23
DA:58,1
DA:59,1
DA:60,1
DA:61,1
DA:62,37
DA:63,37
DA:64,37
DA:65,37
DA:66,37
DA:67,37
DA:68,37
DA:69,37
DA:70,37
DA:71,37
DA:72,9
DA:73,9
DA:74,2
DA:75,2
DA:76,7
DA:77,7
DA:78,35
DA:79,35
DA:80,37
DA:81,35
DA:82,35
DA:83,33
DA:84,33
DA:85,35
DA:86,1
DA:87,1
DA:88,35
DA:89,1
DA:90,1
DA:91,35
DA:92,35
DA:93,37
DA:94,1
DA:95,1
DA:96,1
DA:97,1
DA:98,7
DA:99,7
DA:100,8
DA:101,8
DA:102,7
DA:103,7
DA:104,1
DA:105,1
DA:106,1
DA:107,1
DA:108,16
DA:109,16
DA:110,16
DA:111,52
DA:112,52
DA:113,52
DA:114,16
DA:115,16
DA:116,1
DA:117,1
DA:118,1
DA:119,1
DA:120,16
DA:121,16
DA:122,15
DA:123,1
DA:124,16
DA:125,16
DA:126,16
DA:127,16
DA:128,16
DA:129,77
DA:130,18
DA:131,77
DA:132,16
DA:133,16
DA:134,16
DA:135,16
DA:136,16
DA:137,16
DA:138,16
DA:139,16
DA:140,16
DA:141,16
DA:142,48
DA:143,48
DA:144,29
DA:145,29
DA:146,29
DA:147,48
DA:148,16
DA:149,16
DA:150,16
DA:151,29
DA:152,29
DA:153,16
DA:154,16
DA:155,16
DA:156,1
DA:157,1
DA:158,1
DA:159,1
DA:160,1
DA:161,24
DA:162,1
DA:163,1
DA:164,23
DA:165,23
DA:166,23
DA:167,23
DA:168,24
DA:169,7
DA:170,7
DA:171,16
DA:172,16
DA:173,16
LF:173
LH:170
BRDA:8,0,0,15
BRDA:9,1,0,87
BRDA:21,2,0,23
BRDA:24,3,0,0
BRDA:32,4,0,24
BRDA:40,5,0,1
BRDA:40,6,0,23
BRDA:41,7,0,23
BRDA:41,8,0,0
BRDA:41,9,0,23
BRDA:43,10,0,1
BRDA:44,11,0,22
BRDA:47,12,0,77
BRDA:48,13,0,11
BRDA:48,14,0,66
BRDA:51,15,0,74
BRDA:51,16,0,8
BRDA:54,17,0,23
BRDA:44,18,0,2
BRDA:62,19,0,37
BRDA:71,20,0,9
BRDA:73,21,0,7
BRDA:73,22,0,2
BRDA:75,23,0,7
BRDA:77,24,0,35
BRDA:80,25,0,35
BRDA:80,26,0,35
BRDA:82,27,0,33
BRDA:85,28,0,1
BRDA:88,29,0,1
BRDA:98,30,0,7
BRDA:99,31,0,8
BRDA:108,32,0,16
BRDA:110,33,0,52
BRDA:120,34,0,16
BRDA:121,35,0,15
BRDA:122,36,0,1
BRDA:141,37,0,48
BRDA:142,38,0,8
BRDA:142,39,0,40
BRDA:143,40,0,29
BRDA:150,41,0,29
BRDA:128,42,0,77
BRDA:129,43,0,18
BRDA:130,44,0,12
BRDA:160,45,0,24
BRDA:161,46,0,1
BRDA:163,47,0,23
BRDA:168,48,0,7
BRDA:170,49,0,16
BRF:50
BRH:48
end_of_record
TN:
SF:packages/core/src/engine/matcher.ts
FN:8,getMatcher
FN:26,normalizeUrl
FN:35,matchUrl
FN:49,matchRule
FN:72,clearMatcherCache
FNF:5
FNH:4
FNDA:8,getMatcher
FNDA:120,normalizeUrl
FNDA:60,matchUrl
FNDA:53,matchRule
FNDA:0,clearMatcherCache
DA:1,1
DA:2,1
DA:3,1
DA:4,1
DA:5,1
DA:6,1
DA:7,1
DA:8,8
DA:9,8
DA:10,6
DA:11,6
DA:12,6
DA:13,6
DA:14,6
DA:15,6
DA:16,6
DA:17,0
DA:18,0
DA:19,0
DA:20,0
DA:21,0
DA:22,6
DA:23,8
DA:24,8
DA:25,1
DA:26,120
DA:27,120
DA:28,120
DA:29,120
DA:30,120
DA:31,2
DA:32,118
DA:33,120
DA:34,1
DA:35,1
DA:36,60
DA:37,60
DA:38,60
DA:39,60
DA:40,60
DA:41,52
DA:42,52
DA:43,8
DA:44,8
DA:45,8
DA:46,8
DA:47,8
DA:48,1
DA:49,1
DA:50,53
DA:51,53
DA:52,53
DA:53,53
DA:54,53
DA:55,53
DA:56,1
DA:57,1
DA:58,52
DA:59,53
DA:60,1
DA:61,1
DA:62,51
DA:63,53
DA:64,49
DA:65,49
DA:66,53
DA:67,4
DA:68,4
DA:69,4
DA:70,1
DA:71,1
DA:72,1
DA:73,0
DA:74,0
LF:74
LH:67
BRDA:8,0,0,8
BRDA:9,1,0,6
BRDA:16,2,0,0
BRDA:26,3,0,120
BRDA:30,4,0,2
BRDA:31,5,0,118
BRDA:35,6,0,60
BRDA:40,7,0,52
BRDA:42,8,0,8
BRDA:49,9,0,53
BRDA:55,10,0,1
BRDA:57,11,0,52
BRDA:59,12,0,1
BRDA:61,13,0,51
BRDA:63,14,0,49
BRDA:66,15,0,4
BRF:16
BRH:15
end_of_record
TN:
SF:packages/core/src/engine/response.ts
FN:4,generateTraceId
FN:9,createBaseResponse
FN:23,generateSuccessResponse
FN:27,generateBusinessErrorResponse
FNF:4
FNH:4
FNDA:37,generateTraceId
FNDA:37,createBaseResponse
FNDA:33,generateSuccessResponse
FNDA:4,generateBusinessErrorResponse
DA:1,1
DA:2,1
DA:3,1
DA:4,37
DA:5,37
DA:6,37
DA:7,37
DA:8,1
DA:9,37
DA:10,37
DA:11,37
DA:12,37
DA:13,37
DA:14,37
DA:15,37
DA:16,37
DA:17,37
DA:18,37
DA:19,37
DA:20,37
DA:21,37
DA:22,1
DA:23,1
DA:24,33
DA:25,33
DA:26,1
DA:27,1
DA:28,4
DA:29,4
DA:30,4
DA:31,4
DA:32,4
DA:33,4
DA:34,4
DA:35,4
DA:36,4
LF:36
LH:36
BRDA:4,0,0,37
BRDA:9,1,0,37
BRDA:23,2,0,33
BRDA:27,3,0,4
BRF:4
BRH:4
end_of_record
TN:
SF:packages/core/src/interceptor/fetch.ts
FN:20,installFetchInterceptor
FN:31,globalThis.fetch
FN:104,uninstallFetchInterceptor
FN:116,updateRules
FN:123,shouldBypass
FN:162,delay
FN:166,cleanup
FN:177,abortHandler
FN:199,handleMock
FNF:9
FNH:9
FNDA:32,installFetchInterceptor
FNDA:34,globalThis.fetch
FNDA:31,uninstallFetchInterceptor
FNDA:1,updateRules
FNDA:34,shouldBypass
FNDA:5,delay
FNDA:5,cleanup
FNDA:3,abortHandler
FNDA:23,handleMock
DA:1,1
DA:2,1
DA:3,1
DA:4,1
DA:5,1
DA:6,1
DA:7,1
DA:8,1
DA:9,1
DA:10,1
DA:11,1
DA:12,1
DA:13,1
DA:14,1
DA:15,1
DA:16,1
DA:17,1
DA:18,1
DA:19,1
DA:20,1
DA:21,32
DA:22,32
DA:23,32
DA:24,32
DA:25,31
DA:26,31
DA:27,31
DA:28,31
DA:29,32
DA:30,32
DA:31,32
DA:32,34
DA:33,34
DA:34,34
DA:35,34
DA:36,34
DA:37,34
DA:38,34
DA:39,34
DA:40,34
DA:41,2
DA:42,2
DA:43,2
DA:44,34
DA:45,32
DA:46,32
DA:47,32
DA:48,32
DA:49,8
DA:50,1
DA:51,8
DA:52,1
DA:53,1
DA:54,7
DA:55,6
DA:56,6
DA:57,6
DA:58,8
DA:59,32
DA:60,34
DA:61,34
DA:62,34
DA:63,34
DA:64,34
DA:65,5
DA:66,5
DA:67,34
DA:68,29
DA:69,29
DA:70,34
DA:71,34
DA:72,34
DA:73,10
DA:74,10
DA:75,24
DA:76,24
DA:77,34
DA:78,1
DA:79,1
DA:80,23
DA:81,23
DA:82,23
DA:83,34
DA:84,1
DA:85,1
DA:86,34
DA:87,4
DA:88,4
DA:89,23
DA:90,23
DA:91,34
DA:92,5
DA:93,0
DA:94,0
DA:95,5
DA:96,23
DA:97,23
DA:98,34
DA:99,32
DA:100,1
DA:101,1
DA:102,1
DA:103,1
DA:104,1
DA:105,31
DA:106,31
DA:107,31
DA:108,31
DA:109,31
DA:110,31
DA:111,31
DA:112,1
DA:113,1
DA:114,1
DA:115,1
DA:116,1
DA:117,1
DA:118,1
DA:119,1
DA:120,1
DA:121,1
DA:122,1
DA:123,34
DA:124,34
DA:125,34
DA:126,8
DA:127,8
DA:128,11
DA:129,7
DA:130,7
DA:131,11
DA:132,1
DA:133,27
DA:134,27
DA:135,34
DA:136,1
DA:137,1
DA:138,26
DA:139,26
DA:140,26
DA:141,34
DA:142,34
DA:143,1
DA:144,1
DA:145,34
DA:146,0
DA:147,0
DA:148,25
DA:149,25
DA:150,34
DA:151,1
DA:152,1
DA:153,1
DA:154,1
DA:155,24
DA:156,24
DA:157,24
DA:158,1
DA:159,1
DA:160,1
DA:161,1
DA:162,5
DA:163,5
DA:164,5
DA:165,5
DA:166,5
DA:167,5
DA:168,4
DA:169,5
DA:170,5
DA:171,5
DA:172,5
DA:173,2
DA:174,2
DA:175,5
DA:176,5
DA:177,5
DA:178,3
DA:179,3
DA:180,3
DA:181,3
DA:182,5
DA:183,5
DA:184,4
DA:185,0
DA:186,0
DA:187,0
DA:188,0
DA:189,0
DA:190,4
DA:191,4
DA:192,4
DA:193,5
DA:194,5
DA:195,1
DA:196,1
DA:197,1
DA:198,1
DA:199,23
DA:200,23
DA:201,23
DA:202,23
DA:203,23
DA:204,5
DA:205,2
DA:206,20
DA:207,20
DA:208,23
DA:209,2
DA:210,0
DA:211,0
DA:212,2
DA:213,20
DA:214,20
DA:215,23
DA:216,1
DA:217,1
DA:218,19
DA:219,19
DA:220,23
DA:221,1
DA:222,1
DA:223,18
DA:224,18
DA:225,23
DA:226,1
DA:227,1
DA:228,17
DA:229,17
DA:230,23
DA:231,3
DA:232,3
DA:233,14
DA:234,14
DA:235,14
DA:236,23
DA:237,1
DA:238,23
DA:239,13
DA:240,13
DA:241,1
DA:242,12
DA:243,13
DA:244,13
DA:245,14
DA:246,14
DA:247,23
DA:248,1
DA:249,1
DA:250,14
DA:251,14
DA:252,14
DA:253,14
DA:254,14
DA:255,14
DA:256,14
LF:256
LH:245
BRDA:20,0,0,32
BRDA:24,1,0,1
BRDA:24,2,0,31
BRDA:29,3,0,21
BRDA:31,4,0,34
BRDA:40,5,0,2
BRDA:43,6,0,1
BRDA:44,7,0,32
BRDA:47,8,0,14
BRDA:47,9,0,10
BRDA:47,10,0,22
BRDA:48,11,0,14
BRDA:48,12,0,8
BRDA:49,13,0,1
BRDA:50,14,0,0
BRDA:51,15,0,7
BRDA:51,16,0,1
BRDA:54,17,0,6
BRDA:64,18,0,5
BRDA:67,19,0,29
BRDA:72,20,0,10
BRDA:74,21,0,24
BRDA:77,22,0,23
BRDA:77,23,0,1
BRDA:79,24,0,23
BRDA:83,25,0,1
BRDA:83,26,0,1
BRDA:85,27,0,23
BRDA:86,28,0,7
BRDA:86,29,0,4
BRDA:88,30,0,23
BRDA:91,31,0,5
BRDA:92,32,0,0
BRDA:95,33,0,23
BRDA:52,34,0,1
BRDA:104,35,0,31
BRDA:116,36,0,1
BRDA:123,37,0,34
BRDA:125,38,0,9
BRDA:125,39,0,8
BRDA:127,40,0,11
BRDA:128,41,0,7
BRDA:131,42,0,1
BRDA:132,43,0,27
BRDA:135,44,0,1
BRDA:137,45,0,26
BRDA:141,46,0,0
BRDA:142,47,0,1
BRDA:145,48,0,0
BRDA:147,49,0,25
BRDA:150,50,0,1
BRDA:154,51,0,24
BRDA:162,52,0,5
BRDA:163,53,0,5
BRDA:183,54,0,4
BRDA:184,55,0,0
BRDA:166,56,0,5
BRDA:167,57,0,4
BRDA:172,58,0,2
BRDA:177,59,0,3
BRDA:199,60,0,23
BRDA:203,61,0,5
BRDA:204,62,0,2
BRDA:205,63,0,20
BRDA:208,64,0,2
BRDA:209,65,0,0
BRDA:212,66,0,20
BRDA:215,67,0,1
BRDA:217,68,0,19
BRDA:220,69,0,1
BRDA:222,70,0,18
BRDA:225,71,0,1
BRDA:225,72,0,1
BRDA:227,73,0,17
BRDA:230,74,0,3
BRDA:232,75,0,14
BRDA:236,76,0,1
BRDA:238,77,0,13
BRDA:240,78,0,1
BRDA:241,79,0,12
BRDA:244,80,0,14
BRDA:247,81,0,1
BRDA:249,82,0,14
BRF:83
BRH:77
end_of_record
TN:
SF:packages/core/src/interceptor/xhr.ts
FN:17,installXHRInterceptor
FN:32,uninstallXHRInterceptor
FN:41,updateRules
FN:45,shouldBypass
FN:82,NotImplementedError
FN:90,<static_initializer>
FN:97,<instance_members_initializer>
FN:134,open
FN:143,setRequestHeader
FN:150,getResponseHeader
FN:154,getAllResponseHeaders
FN:160,abort
FN:177,send
FN:205,execute
FN:245,_passthrough
FN:294,_handleSuccess
FN:347,_handleError
FN:355,_handleTimeout
FN:363,_changeState
FN:368,_dispatchEvent
FN:383,overrideMimeType
FN:388,addEventListener
FN:392,removeEventListener
FN:396,dispatchEvent
FNF:24
FNH:22
FNDA:43,installXHRInterceptor
FNDA:42,uninstallXHRInterceptor
FNDA:0,updateRules
FNDA:24,shouldBypass
FNDA:3,NotImplementedError
FNDA:1,<static_initializer>
FNDA:43,<instance_members_initializer>
FNDA:37,open
FNDA:12,setRequestHeader
FNDA:1,getResponseHeader
FNDA:1,getAllResponseHeaders
FNDA:1,abort
FNDA:25,send
FNDA:23,execute
FNDA:0,_passthrough
FNDA:18,_handleSuccess
FNDA:4,_handleError
FNDA:1,_handleTimeout
FNDA:97,_changeState
FNDA:90,_dispatchEvent
FNDA:1,overrideMimeType
FNDA:1,addEventListener
FNDA:1,removeEventListener
FNDA:1,dispatchEvent
DA:1,1
DA:2,1
DA:3,1
DA:4,1
DA:5,1
DA:6,1
DA:7,1
DA:8,1
DA:9,1
DA:10,1
DA:11,1
DA:12,1
DA:13,1
DA:14,1
DA:15,1
DA:16,1
DA:17,1
DA:18,43
DA:19,43
DA:20,43
DA:21,43
DA:22,42
DA:23,42
DA:24,42
DA:25,42
DA:26,43
DA:27,43
DA:28,43
DA:29,43
DA:30,43
DA:31,1
DA:32,1
DA:33,42
DA:34,42
DA:35,42
DA:36,42
DA:37,42
DA:38,42
DA:39,42
DA:40,1
DA:41,1
DA:42,0
DA:43,0
DA:44,1
DA:45,24
DA:46,24
DA:47,24
DA:48,1
DA:49,1
DA:50,1
DA:51,0
DA:52,0
DA:53,1
DA:54,1
DA:55,24
DA:56,24
DA:57,24
DA:58,0
DA:59,0
DA:60,24
DA:61,24
DA:62,24
DA:63,24
DA:64,24
DA:65,0
DA:66,0
DA:67,24
DA:68,0
DA:69,0
DA:70,24
DA:71,24
DA:72,24
DA:73,0
DA:74,0
DA:75,0
DA:76,0
DA:77,24
DA:78,24
DA:79,24
DA:80,1
DA:81,1
DA:82,1
DA:83,3
DA:84,3
DA:85,3
DA:86,1
DA:87,1
DA:88,1
DA:89,1
DA:90,1
DA:91,1
DA:92,1
DA:93,1
DA:94,1
DA:95,1
DA:96,1
DA:97,1
DA:98,43
DA:99,43
DA:100,43
DA:101,43
DA:102,43
DA:103,43
DA:104,43
DA:105,43
DA:106,43
DA:107,43
DA:108,43
DA:109,43
DA:110,43
DA:111,43
DA:112,43
DA:113,43
DA:114,43
DA:115,43
DA:116,43
DA:117,43
DA:118,43
DA:119,43
DA:120,43
DA:121,43
DA:122,43
DA:123,43
DA:124,43
DA:125,43
DA:126,43
DA:127,43
DA:128,43
DA:129,43
DA:130,43
DA:131,43
DA:132,43
DA:133,1
DA:134,1
DA:135,37
DA:136,37
DA:137,37
DA:138,37
DA:139,37
DA:140,37
DA:141,37
DA:142,1
DA:143,1
DA:144,12
DA:145,12
DA:146,1
DA:147,11
DA:148,12
DA:149,1
DA:150,1
DA:151,1
DA:152,1
DA:153,1
DA:154,1
DA:155,1
DA:156,1
DA:157,1
DA:158,1
DA:159,1
DA:160,1
DA:161,1
DA:162,1
DA:163,1
DA:164,1
DA:165,1
DA:166,1
DA:167,0
DA:168,0
DA:169,1
DA:170,1
DA:171,1
DA:172,1
DA:173,1
DA:174,1
DA:175,1
DA:176,1
DA:177,1
DA:178,25
DA:179,1
DA:180,1
DA:181,24
DA:182,24
DA:183,24
DA:184,24
DA:185,24
DA:186,25
DA:187,1
DA:188,1
DA:189,1
DA:190,1
DA:191,0
DA:192,0
DA:193,1
DA:194,24
DA:195,24
DA:196,24
DA:197,24
DA:198,24
DA:199,24
DA:200,25
DA:201,0
DA:202,0
DA:203,0
DA:204,24
DA:205,24
DA:206,23
DA:207,23
DA:208,23
DA:209,23
DA:210,23
DA:211,23
DA:212,1
DA:213,1
DA:214,1
DA:215,22
DA:216,22
DA:217,23
DA:218,1
DA:219,1
DA:220,1
DA:221,21
DA:222,21
DA:223,23
DA:224,1
DA:225,1
DA:226,1
DA:227,20
DA:228,20
DA:229,23
DA:230,2
DA:231,2
DA:232,2
DA:233,18
DA:234,18
DA:235,18
DA:236,23
DA:237,24
DA:238,24
DA:239,24
DA:240,25
DA:241,0
DA:242,0
DA:243,25
DA:244,1
DA:245,1
DA:246,0
DA:247,0
DA:248,0
DA:249,0
DA:250,0
DA:251,0
DA:252,0
DA:253,0
DA:254,0
DA:255,0
DA:256,0
DA:257,0
DA:258,0
DA:259,0
DA:260,0
DA:261,0
DA:262,0
DA:263,0
DA:264,0
DA:265,0
DA:266,0
DA:267,0
DA:268,0
DA:269,0
DA:270,0
DA:271,0
DA:272,0
DA:273,0
DA:274,0
DA:275,0
DA:276,0
DA:277,0
DA:278,0
DA:279,0
DA:280,0
DA:281,0
DA:282,0
DA:283,0
DA:284,0
DA:285,0
DA:286,0
DA:287,0
DA:288,0
DA:289,0
DA:290,0
DA:291,0
DA:292,0
DA:293,1
DA:294,1
DA:295,18
DA:296,18
DA:297,1
DA:298,18
DA:299,17
DA:300,17
DA:301,1
DA:302,16
DA:303,17
DA:304,17
DA:305,18
DA:306,18
DA:307,1
DA:308,1
DA:309,18
DA:310,18
DA:311,18
DA:312,18
DA:313,18
DA:314,18
DA:315,18
DA:316,18
DA:317,18
DA:318,18
DA:319,1
DA:320,1
DA:321,18
DA:322,18
DA:323,14
DA:324,14
DA:325,14
DA:326,18
DA:327,1
DA:328,1
DA:329,18
DA:330,1
DA:331,1
DA:332,1
DA:333,18
DA:334,1
DA:335,1
DA:336,1
DA:337,18
DA:338,18
DA:339,18
DA:340,18
DA:341,18
DA:342,18
DA:343,18
DA:344,18
DA:345,18
DA:346,1
DA:347,1
DA:348,4
DA:349,4
DA:350,4
DA:351,4
DA:352,4
DA:353,4
DA:354,1
DA:355,1
DA:356,1
DA:357,1
DA:358,1
DA:359,1
DA:360,1
DA:361,1
DA:362,1
DA:363,1
DA:364,97
DA:365,97
DA:366,97
DA:367,1
DA:368,1
DA:369,90
DA:370,90
DA:371,90
DA:372,90
DA:373,90
DA:374,90
DA:375,90
DA:376,90
DA:377,90
DA:378,24
DA:379,24
DA:380,90
DA:381,1
DA:382,1
DA:383,1
DA:384,1
DA:385,1
DA:386,1
DA:387,1
DA:388,1
DA:389,1
DA:390,1
DA:391,1
DA:392,1
DA:393,1
DA:394,1
DA:395,1
DA:396,1
DA:397,1
DA:398,1
DA:399,1
LF:399
LH:329
BRDA:17,0,0,43
BRDA:21,1,0,1
BRDA:21,2,0,42
BRDA:26,3,0,32
BRDA:32,4,0,42
BRDA:45,5,0,24
BRDA:47,6,0,3
BRDA:47,7,0,1
BRDA:50,8,0,0
BRDA:57,9,0,0
BRDA:63,10,0,0
BRDA:64,11,0,0
BRDA:67,12,0,0
BRDA:72,13,0,0
BRDA:82,14,0,3
BRDA:90,15,0,1
BRDA:97,16,0,43
BRDA:134,17,0,37
BRDA:143,18,0,12
BRDA:145,19,0,1
BRDA:146,20,0,11
BRDA:150,21,0,1
BRDA:151,22,0,0
BRDA:154,23,0,1
BRDA:156,24,0,1
BRDA:160,25,0,1
BRDA:166,26,0,0
BRDA:177,27,0,25
BRDA:178,28,0,1
BRDA:180,29,0,24
BRDA:186,30,0,1
BRDA:190,31,0,0
BRDA:193,32,0,24
BRDA:200,33,0,24
BRDA:200,34,0,0
BRDA:203,35,0,24
BRDA:240,36,0,0
BRDA:205,37,0,23
BRDA:206,38,0,0
BRDA:211,39,0,1
BRDA:214,40,0,22
BRDA:217,41,0,1
BRDA:220,42,0,21
BRDA:223,43,0,1
BRDA:223,44,0,1
BRDA:226,45,0,20
BRDA:229,46,0,2
BRDA:232,47,0,18
BRDA:294,48,0,18
BRDA:296,49,0,1
BRDA:298,50,0,17
BRDA:300,51,0,1
BRDA:301,52,0,16
BRDA:306,53,0,1
BRDA:318,54,0,1
BRDA:321,55,0,1
BRDA:322,56,0,14
BRDA:326,57,0,1
BRDA:329,58,0,1
BRDA:333,59,0,1
BRDA:347,60,0,4
BRDA:355,61,0,1
BRDA:363,62,0,97
BRDA:365,63,0,42
BRDA:368,64,0,90
BRDA:377,65,0,24
BRDA:383,66,0,1
BRDA:388,67,0,1
BRDA:392,68,0,1
BRDA:396,69,0,1
BRF:70
BRH:58
end_of_record
TN:
SF:packages/core/src/storage/local.ts
FN:12,<instance_members_initializer>
FN:14,RuleStorage
FN:18,get rulesKey
FN:22,get configKey
FN:26,saveRules
FN:34,getRules
FN:44,updateRule
FN:53,clear
FN:58,getGlobalConfig
FN:67,saveGlobalConfig
FN:76,exportConfig
FN:83,importConfig
FNF:12
FNH:12
FNDA:1,<instance_members_initializer>
FNDA:1,RuleStorage
FNDA:24,get rulesKey
FNDA:19,get configKey
FNDA:6,saveRules
FNDA:8,getRules
FNDA:1,updateRule
FNDA:10,clear
FNDA:6,getGlobalConfig
FNDA:3,saveGlobalConfig
FNDA:1,exportConfig
FNDA:2,importConfig
DA:1,1
DA:2,1
DA:3,1
DA:4,1
DA:5,1
DA:6,1
DA:7,1
DA:8,1
DA:9,1
DA:10,1
DA:11,1
DA:12,1
DA:13,1
DA:14,1
DA:15,1
DA:16,1
DA:17,1
DA:18,1
DA:19,24
DA:20,24
DA:21,1
DA:22,1
DA:23,19
DA:24,19
DA:25,1
DA:26,1
DA:27,6
DA:28,6
DA:29,6
DA:30,1
DA:31,1
DA:32,6
DA:33,1
DA:34,1
DA:35,8
DA:36,8
DA:37,8
DA:38,8
DA:39,1
DA:40,1
DA:41,1
DA:42,8
DA:43,1
DA:44,1
DA:45,1
DA:46,1
DA:47,1
DA:48,1
DA:49,1
DA:50,1
DA:51,1
DA:52,1
DA:53,1
DA:54,10
DA:55,10
DA:56,10
DA:57,1
DA:58,1
DA:59,6
DA:60,6
DA:61,6
DA:62,6
DA:63,1
DA:64,1
DA:65,6
DA:66,1
DA:67,1
DA:68,3
DA:69,3
DA:70,3
DA:71,3
DA:72,1
DA:73,1
DA:74,3
DA:75,1
DA:76,1
DA:77,1
DA:78,1
DA:79,1
DA:80,1
DA:81,1
DA:82,1
DA:83,1
DA:84,2
DA:85,2
DA:86,2
DA:87,1
DA:88,1
DA:89,1
DA:90,1
DA:91,1
DA:92,2
DA:93,1
LF:93
LH:93
BRDA:12,0,0,1
BRDA:14,1,0,1
BRDA:18,2,0,24
BRDA:22,3,0,19
BRDA:26,4,0,6
BRDA:29,5,0,1
BRDA:34,6,0,8
BRDA:37,7,0,5
BRDA:37,8,0,2
BRDA:38,9,0,1
BRDA:44,10,0,1
BRDA:46,11,0,1
BRDA:53,12,0,10
BRDA:58,13,0,6
BRDA:61,14,0,3
BRDA:61,15,0,3
BRDA:62,16,0,1
BRDA:67,17,0,3
BRDA:71,18,0,1
BRDA:76,19,0,1
BRDA:83,20,0,2
BRDA:86,21,0,1
BRF:22
BRH:22
end_of_record
TN:
SF:packages/parser/src/adapters/default.ts
FN:9,parseApiFile
FN:22,collectUrlConstants
FN:40,findCreateRequestCalls
FN:67,extractApiMeta
FN:112,createDefaultAdapter
FN:114,parse
FNF:6
FNH:6
FNDA:17,parseApiFile
FNDA:422,collectUrlConstants
FNDA:422,findCreateRequestCalls
FNDA:11,extractApiMeta
FNDA:6,createDefaultAdapter
FNDA:6,parse
DA:1,1
DA:2,1
DA:3,1
DA:4,1
DA:5,1
DA:6,1
DA:7,1
DA:8,1
DA:9,1
DA:10,17
DA:11,17
DA:12,17
DA:13,17
DA:14,17
DA:15,17
DA:16,17
DA:17,17
DA:18,17
DA:19,17
DA:20,17
DA:21,17
DA:22,17
DA:23,422
DA:24,25
DA:25,25
DA:26,25
DA:27,25
DA:28,7
DA:29,6
DA:30,7
DA:31,1
DA:32,1
DA:33,7
DA:34,25
DA:35,25
DA:36,422
DA:37,422
DA:38,17
DA:39,17
DA:40,17
DA:41,422
DA:42,25
DA:43,25
DA:44,25
DA:45,12
DA:46,12
DA:47,12
DA:48,12
DA:49,12
DA:50,25
DA:51,11
DA:52,11
DA:53,9
DA:54,9
DA:55,11
DA:56,25
DA:57,25
DA:58,422
DA:59,422
DA:60,17
DA:61,17
DA:62,17
DA:63,17
DA:64,17
DA:65,17
DA:66,1
DA:67,11
DA:68,11
DA:69,11
DA:70,11
DA:71,11
DA:72,11
DA:73,11
DA:74,11
DA:75,11
DA:76,11
DA:77,11
DA:78,11
DA:79,11
DA:80,11
DA:81,11
DA:82,14
DA:83,14
DA:84,14
DA:85,14
DA:86,14
DA:87,11
DA:88,2
DA:89,11
DA:90,7
DA:91,7
DA:92,11
DA:93,14
DA:94,14
DA:95,3
DA:96,3
DA:97,3
DA:98,3
DA:99,14
DA:100,11
DA:101,11
DA:102,9
DA:103,11
DA:104,11
DA:105,11
DA:106,11
DA:107,11
DA:108,1
DA:109,1
DA:110,1
DA:111,1
DA:112,1
DA:113,6
DA:114,6
DA:115,6
DA:116,6
DA:117,6
DA:118,1
DA:119,1
DA:120,1
DA:121,5
DA:122,5
DA:123,5
DA:124,5
DA:125,5
DA:126,6
DA:127,6
DA:128,6
DA:129,6
DA:130,1
DA:131,1
DA:132,5
DA:133,5
DA:134,5
DA:135,5
DA:136,5
DA:137,6
DA:138,0
DA:139,0
DA:140,6
DA:141,5
DA:142,5
DA:143,6
DA:144,6
DA:145,6
LF:145
LH:143
BRDA:9,0,0,17
BRDA:22,1,0,422
BRDA:23,2,0,25
BRDA:26,3,0,7
BRDA:27,4,0,7
BRDA:28,5,0,6
BRDA:30,6,0,1
BRDA:40,7,0,422
BRDA:41,8,0,25
BRDA:43,9,0,0
BRDA:44,10,0,13
BRDA:44,11,0,12
BRDA:50,12,0,11
BRDA:52,13,0,9
BRDA:67,14,0,11
BRDA:76,15,0,0
BRDA:81,16,0,14
BRDA:82,17,0,0
BRDA:86,18,0,11
BRDA:87,19,0,2
BRDA:89,20,0,9
BRDA:89,21,0,7
BRDA:90,22,0,0
BRDA:94,23,0,3
BRDA:101,24,0,2
BRDA:101,25,0,9
BRDA:103,26,0,0
BRDA:104,27,0,9
BRDA:104,28,0,0
BRDA:112,29,0,6
BRDA:114,30,0,6
BRDA:117,31,0,1
BRDA:120,32,0,5
BRDA:129,33,0,1
BRDA:131,34,0,5
BRDA:137,35,0,0
BRDA:140,36,0,5
BRDA:123,37,0,6
BRDA:124,38,0,6
BRF:39
BRH:32
end_of_record
